[2024-04-07 12:00:36,037] INFO - LXINEYASRREWNB-UHFFFAOYSA-N - Time taken: 0.006826639175415039
[2024-04-07 12:00:36,038] INFO - LXINEYASRREWNB-UHFFFAOYSA-N - Starting work
[2024-04-07 12:00:36,043] INFO - BHKVBKDDVLQZCR-UHFFFAOYSA-N - Time taken: 0.0078029632568359375
[2024-04-07 12:00:36,044] INFO - BHKVBKDDVLQZCR-UHFFFAOYSA-N - Starting work
[2024-04-07 12:00:36,048] INFO - CEQDLNCRDRYDKS-UHFFFAOYSA-N - Time taken: 0.007485628128051758
[2024-04-07 12:00:36,049] INFO - CEQDLNCRDRYDKS-UHFFFAOYSA-N - Starting work
[2024-04-07 12:00:36,050] INFO - BCPKNOZHZDDVQN-UHFFFAOYSA-N - Time taken: 0.003933906555175781
[2024-04-07 12:00:36,051] INFO - BCPKNOZHZDDVQN-UHFFFAOYSA-N - Starting work
[2024-04-07 12:00:36,051] WARNING - BCPKNOZHZDDVQN-UHFFFAOYSA-N - Folder /data/xchem-fragalysis/kfieseler/EV-A71-2A-syndirella-run/check_base_placements_april7/iris_placements/output/BCPKNOZHZDDVQN-UHFFFAOYSA-N exists.
[2024-04-07 12:00:36,052] INFO - BCPKNOZHZDDVQN-UHFFFAOYSA-N - Time taken: 0.002034425735473633
[2024-04-07 12:00:36,052] INFO - BCPKNOZHZDDVQN-UHFFFAOYSA-N - Starting work
[2024-04-07 12:00:36,054] INFO - GHOYNZDJCPMSBM-UHFFFAOYSA-N - Time taken: 0.010971307754516602
[2024-04-07 12:00:36,055] INFO - GHOYNZDJCPMSBM-UHFFFAOYSA-N - Starting work
[2024-04-07 12:00:36,063] INFO - UASLKFQKYXHLQJ-UHFFFAOYSA-N - Time taken: 0.004810810089111328
[2024-04-07 12:00:36,064] INFO - UASLKFQKYXHLQJ-UHFFFAOYSA-N - Starting work
[2024-04-07 12:00:36,067] INFO - GOUNARLEGNWPCP-UHFFFAOYSA-N - Time taken: 0.00708460807800293
[2024-04-07 12:00:36,067] INFO - GOUNARLEGNWPCP-UHFFFAOYSA-N - Starting work
[2024-04-07 12:00:37,650] INFO - MMFF Minisation was successful
[2024-04-07 12:00:37,661] INFO - MMFF minimisation: 932.39 -> 809.13 kcal/mol w/ 0.6699254936358012Å RMSD at max displacement=0.1 & constraint=5
[2024-04-07 12:00:37,771] WARNING - GHOYNZDJCPMSBM-UHFFFAOYSA-N - Folder /data/xchem-fragalysis/kfieseler/EV-A71-2A-syndirella-run/check_base_placements_april7/iris_placements/output/GHOYNZDJCPMSBM-UHFFFAOYSA-N exists.
[2024-04-07 12:00:37,800] INFO - GHOYNZDJCPMSBM-UHFFFAOYSA-N - Time taken: 1.7566156387329102
[2024-04-07 12:00:37,814] WARNING - GOUNARLEGNWPCP-UHFFFAOYSA-N - Folder /data/xchem-fragalysis/kfieseler/EV-A71-2A-syndirella-run/check_base_placements_april7/iris_placements/output/GOUNARLEGNWPCP-UHFFFAOYSA-N exists.
[2024-04-07 12:00:37,814] INFO - GOUNARLEGNWPCP-UHFFFAOYSA-N - Time taken: 0.001119852066040039
[2024-04-07 12:00:37,815] INFO - GOUNARLEGNWPCP-UHFFFAOYSA-N - Starting work
[2024-04-07 12:00:38,696] INFO - MMFF Minisation was successful
[2024-04-07 12:00:38,710] INFO - MMFF Minisation was successful
[2024-04-07 12:00:38,713] INFO - MMFF minimisation: 118423.93 -> 733.41 kcal/mol w/ 1.8782114457077603Å RMSD at max displacement=0.1 & constraint=5
[2024-04-07 12:00:38,731] INFO - MMFF minimisation: 3939.00 -> 647.61 kcal/mol w/ 1.44479762739698Å RMSD at max displacement=0.1 & constraint=5
[2024-04-07 12:00:38,733] INFO - MMFF Minisation was successful
[2024-04-07 12:00:38,745] INFO - MMFF minimisation: 1020.47 -> 657.02 kcal/mol w/ 0.7225986250382943Å RMSD at max displacement=0.1 & constraint=5
[2024-04-07 12:00:38,820] WARNING - LXINEYASRREWNB-UHFFFAOYSA-N - Folder /data/xchem-fragalysis/kfieseler/EV-A71-2A-syndirella-run/check_base_placements_april7/iris_placements/output/LXINEYASRREWNB-UHFFFAOYSA-N exists.
[2024-04-07 12:00:38,837] WARNING - CEQDLNCRDRYDKS-UHFFFAOYSA-N - Folder /data/xchem-fragalysis/kfieseler/EV-A71-2A-syndirella-run/check_base_placements_april7/iris_placements/output/CEQDLNCRDRYDKS-UHFFFAOYSA-N exists.
[2024-04-07 12:00:38,841] INFO - LXINEYASRREWNB-UHFFFAOYSA-N - Time taken: 2.811023235321045
[2024-04-07 12:00:38,842] WARNING - UASLKFQKYXHLQJ-UHFFFAOYSA-N - Folder /data/xchem-fragalysis/kfieseler/EV-A71-2A-syndirella-run/check_base_placements_april7/iris_placements/output/UASLKFQKYXHLQJ-UHFFFAOYSA-N exists.
[2024-04-07 12:00:38,860] INFO - DCIDJYONTYLQEI-UHFFFAOYSA-N - Time taken: 0.0029006004333496094
[2024-04-07 12:00:38,861] INFO - DCIDJYONTYLQEI-UHFFFAOYSA-N - Starting work
[2024-04-07 12:00:38,868] INFO - CEQDLNCRDRYDKS-UHFFFAOYSA-N - Time taken: 2.827133893966675
[2024-04-07 12:00:38,872] INFO - UASLKFQKYXHLQJ-UHFFFAOYSA-N - Time taken: 2.8136935234069824
[2024-04-07 12:00:38,894] INFO - IGUPJTYXYZPOEC-UHFFFAOYSA-N - Time taken: 0.005259513854980469
[2024-04-07 12:00:38,895] INFO - IGUPJTYXYZPOEC-UHFFFAOYSA-N - Starting work
[2024-04-07 12:00:38,901] INFO - NBJGZNPZLLTJSQ-UHFFFAOYSA-N - Time taken: 0.010529756546020508
[2024-04-07 12:00:38,902] INFO - NBJGZNPZLLTJSQ-UHFFFAOYSA-N - Starting work
[2024-04-07 12:00:38,937] INFO - MMFF Minisation was successful
[2024-04-07 12:00:38,948] INFO - MMFF minimisation: 817.96 -> 693.97 kcal/mol w/ 0.6437513456925826Å RMSD at max displacement=0.1 & constraint=5
[2024-04-07 12:00:38,966] INFO - MMFF Minisation was successful
[2024-04-07 12:00:38,995] INFO - MMFF minimisation: 688.26 -> 540.43 kcal/mol w/ 0.6548769439788884Å RMSD at max displacement=0.1 & constraint=5
[2024-04-07 12:00:39,050] WARNING - BHKVBKDDVLQZCR-UHFFFAOYSA-N - Folder /data/xchem-fragalysis/kfieseler/EV-A71-2A-syndirella-run/check_base_placements_april7/iris_placements/output/BHKVBKDDVLQZCR-UHFFFAOYSA-N exists.
[2024-04-07 12:00:39,074] INFO - BHKVBKDDVLQZCR-UHFFFAOYSA-N - Time taken: 3.038452625274658
[2024-04-07 12:00:39,094] INFO - ODONBPGOOMWOPQ-UHFFFAOYSA-N - Time taken: 0.004921674728393555
[2024-04-07 12:00:39,094] INFO - ODONBPGOOMWOPQ-UHFFFAOYSA-N - Starting work
[2024-04-07 12:00:39,102] ERROR - IGUPJTYXYZPOEC-UHFFFAOYSA-N — DistanceError: A71EV2A-x0310_A_147_A71EV2A-x0501+A+152+1+A71EV2A-x0732_A_201_A71EV2A-x0501+A+152+1
[2024-04-07 12:00:39,102] INFO - IGUPJTYXYZPOEC-UHFFFAOYSA-N - Time taken: 0.21310877799987793
[2024-04-07 12:00:39,106] ERROR - NBJGZNPZLLTJSQ-UHFFFAOYSA-N — DistanceError: A71EV2A-x0310_A_147_A71EV2A-x0501+A+152+1+A71EV2A-x0732_A_201_A71EV2A-x0501+A+152+1
[2024-04-07 12:00:39,106] INFO - NBJGZNPZLLTJSQ-UHFFFAOYSA-N - Time taken: 0.21524429321289062
[2024-04-07 12:00:39,109] INFO - TYJSTJNCXZDPLY-UHFFFAOYSA-N - Time taken: 0.0023267269134521484
[2024-04-07 12:00:39,109] INFO - TYJSTJNCXZDPLY-UHFFFAOYSA-N - Starting work
[2024-04-07 12:00:39,112] WARNING - TYJSTJNCXZDPLY-UHFFFAOYSA-N - Folder /data/xchem-fragalysis/kfieseler/EV-A71-2A-syndirella-run/check_base_placements_april7/iris_placements/output/TYJSTJNCXZDPLY-UHFFFAOYSA-N exists.
[2024-04-07 12:00:39,112] INFO - TYJSTJNCXZDPLY-UHFFFAOYSA-N - Time taken: 0.0006072521209716797
[2024-04-07 12:00:39,112] INFO - TYJSTJNCXZDPLY-UHFFFAOYSA-N - Starting work
[2024-04-07 12:00:39,115] WARNING - BCPKNOZHZDDVQN-UHFFFAOYSA-N - Folder /data/xchem-fragalysis/kfieseler/EV-A71-2A-syndirella-run/check_base_placements_april7/iris_placements/output/BCPKNOZHZDDVQN-UHFFFAOYSA-N exists.
[2024-04-07 12:00:39,130] INFO - MMFF Minisation was successful
[2024-04-07 12:00:39,135] INFO - BCPKNOZHZDDVQN-UHFFFAOYSA-N - Time taken: 3.08482027053833
[2024-04-07 12:00:39,136] INFO - MMFF Minisation was successful
[2024-04-07 12:00:39,138] INFO - MMFF minimisation: 1857.59 -> 1027.73 kcal/mol w/ 1.0717799573654951Å RMSD at max displacement=0.1 & constraint=5
[2024-04-07 12:00:39,150] INFO - MMFF minimisation: 688.26 -> 540.43 kcal/mol w/ 0.6548769439788884Å RMSD at max displacement=0.1 & constraint=5
[2024-04-07 12:00:39,154] INFO - JVLRHPWRWSSGDH-UHFFFAOYSA-N - Time taken: 0.004250526428222656
[2024-04-07 12:00:39,155] INFO - JVLRHPWRWSSGDH-UHFFFAOYSA-N - Starting work
[2024-04-07 12:00:39,229] WARNING - GOUNARLEGNWPCP-UHFFFAOYSA-N - Folder /data/xchem-fragalysis/kfieseler/EV-A71-2A-syndirella-run/check_base_placements_april7/iris_placements/output/GOUNARLEGNWPCP-UHFFFAOYSA-N exists.
[2024-04-07 12:00:39,249] INFO - GOUNARLEGNWPCP-UHFFFAOYSA-N - Time taken: 3.189190149307251
[2024-04-07 12:00:39,251] ERROR - ODONBPGOOMWOPQ-UHFFFAOYSA-N — DistanceError: A71EV2A-x0310_A_147_A71EV2A-x0501+A+152+1+A71EV2A-x0732_A_201_A71EV2A-x0501+A+152+1
[2024-04-07 12:00:39,251] INFO - ODONBPGOOMWOPQ-UHFFFAOYSA-N - Time taken: 0.1621239185333252
[2024-04-07 12:00:39,263] INFO - MBMRUNGQBMGNOP-UHFFFAOYSA-N - Time taken: 0.003152608871459961
[2024-04-07 12:00:39,263] INFO - MBMRUNGQBMGNOP-UHFFFAOYSA-N - Starting work
[2024-04-07 12:00:39,265] WARNING - MBMRUNGQBMGNOP-UHFFFAOYSA-N - Folder /data/xchem-fragalysis/kfieseler/EV-A71-2A-syndirella-run/check_base_placements_april7/iris_placements/output/MBMRUNGQBMGNOP-UHFFFAOYSA-N exists.
[2024-04-07 12:00:39,265] INFO - MBMRUNGQBMGNOP-UHFFFAOYSA-N - Time taken: 0.0008616447448730469
[2024-04-07 12:00:39,265] INFO - MBMRUNGQBMGNOP-UHFFFAOYSA-N - Starting work
[2024-04-07 12:00:39,273] WARNING - BCPKNOZHZDDVQN-UHFFFAOYSA-N - Folder /data/xchem-fragalysis/kfieseler/EV-A71-2A-syndirella-run/check_base_placements_april7/iris_placements/output/BCPKNOZHZDDVQN-UHFFFAOYSA-N exists.
[2024-04-07 12:00:39,275] ERROR - TYJSTJNCXZDPLY-UHFFFAOYSA-N — DistanceError: A71EV2A-x0310_A_147_A71EV2A-x0501+A+152+1+A71EV2A-x0732_A_201_A71EV2A-x0501+A+152+1
[2024-04-07 12:00:39,276] INFO - TYJSTJNCXZDPLY-UHFFFAOYSA-N - Time taken: 0.1643381118774414
[2024-04-07 12:00:39,291] INFO - FQGGXMVTNBDGEE-UHFFFAOYSA-N - Time taken: 0.00762939453125
[2024-04-07 12:00:39,291] INFO - FQGGXMVTNBDGEE-UHFFFAOYSA-N - Starting work
[2024-04-07 12:00:39,302] ERROR - TYJSTJNCXZDPLY-UHFFFAOYSA-N — DistanceError: A71EV2A-x0310_A_147_A71EV2A-x0501+A+152+1+A71EV2A-x0732_A_201_A71EV2A-x0501+A+152+1
[2024-04-07 12:00:39,303] INFO - TYJSTJNCXZDPLY-UHFFFAOYSA-N - Time taken: 0.19555354118347168
[2024-04-07 12:00:39,304] INFO - BCPKNOZHZDDVQN-UHFFFAOYSA-N - Time taken: 3.2580957412719727
[2024-04-07 12:00:39,312] INFO - WCNAXNCVZXMWKF-UHFFFAOYSA-N - Time taken: 0.002348661422729492
[2024-04-07 12:00:39,312] INFO - WCNAXNCVZXMWKF-UHFFFAOYSA-N - Starting work
[2024-04-07 12:00:39,313] ERROR - JVLRHPWRWSSGDH-UHFFFAOYSA-N — DistanceError: A71EV2A-x0310_A_147_A71EV2A-x0501+A+152+1+A71EV2A-x0732_A_201_A71EV2A-x0501+A+152+1
[2024-04-07 12:00:39,314] INFO - JVLRHPWRWSSGDH-UHFFFAOYSA-N - Time taken: 0.16340374946594238
[2024-04-07 12:00:39,320] WARNING - FQGGXMVTNBDGEE-UHFFFAOYSA-N - Folder /data/xchem-fragalysis/kfieseler/EV-A71-2A-syndirella-run/check_base_placements_april7/iris_placements/output/FQGGXMVTNBDGEE-UHFFFAOYSA-N exists.
[2024-04-07 12:00:39,320] INFO - FQGGXMVTNBDGEE-UHFFFAOYSA-N - Time taken: 0.0010437965393066406
[2024-04-07 12:00:39,320] INFO - FQGGXMVTNBDGEE-UHFFFAOYSA-N - Starting work
[2024-04-07 12:00:39,324] INFO - CLVVEVVTKNLLLU-UHFFFAOYSA-N - Time taken: 0.004418611526489258
[2024-04-07 12:00:39,324] INFO - CLVVEVVTKNLLLU-UHFFFAOYSA-N - Starting work
[2024-04-07 12:00:39,485] ERROR - MBMRUNGQBMGNOP-UHFFFAOYSA-N — DistanceError: A71EV2A-x0310_A_147_A71EV2A-x0501+A+152+1+A71EV2A-x0732_A_201_A71EV2A-x0501+A+152+1
[2024-04-07 12:00:39,485] INFO - MBMRUNGQBMGNOP-UHFFFAOYSA-N - Time taken: 0.22545814514160156
[2024-04-07 12:00:39,498] INFO - ZEEZCEGNYUPWRG-UHFFFAOYSA-N - Time taken: 0.005493879318237305
[2024-04-07 12:00:39,498] INFO - ZEEZCEGNYUPWRG-UHFFFAOYSA-N - Starting work
[2024-04-07 12:00:39,498] ERROR - MBMRUNGQBMGNOP-UHFFFAOYSA-N — DistanceError: A71EV2A-x0310_A_147_A71EV2A-x0501+A+152+1+A71EV2A-x0732_A_201_A71EV2A-x0501+A+152+1
[2024-04-07 12:00:39,499] INFO - MBMRUNGQBMGNOP-UHFFFAOYSA-N - Time taken: 0.2349388599395752
[2024-04-07 12:00:39,506] WARNING - ZEEZCEGNYUPWRG-UHFFFAOYSA-N - Folder /data/xchem-fragalysis/kfieseler/EV-A71-2A-syndirella-run/check_base_placements_april7/iris_placements/output/ZEEZCEGNYUPWRG-UHFFFAOYSA-N exists.
[2024-04-07 12:00:39,506] INFO - ZEEZCEGNYUPWRG-UHFFFAOYSA-N - Time taken: 0.0007169246673583984
[2024-04-07 12:00:39,506] INFO - ZEEZCEGNYUPWRG-UHFFFAOYSA-N - Starting work
[2024-04-07 12:00:40,655] INFO - MMFF Minisation was successful
[2024-04-07 12:00:40,663] INFO - MMFF minimisation: 1530.03 -> 707.91 kcal/mol w/ 0.8943453198420367Å RMSD at max displacement=0.1 & constraint=5
[2024-04-07 12:00:40,739] WARNING - DCIDJYONTYLQEI-UHFFFAOYSA-N - Folder /data/xchem-fragalysis/kfieseler/EV-A71-2A-syndirella-run/check_base_placements_april7/iris_placements/output/DCIDJYONTYLQEI-UHFFFAOYSA-N exists.
[2024-04-07 12:00:40,761] INFO - DCIDJYONTYLQEI-UHFFFAOYSA-N - Time taken: 1.9032139778137207
[2024-04-07 12:00:40,781] INFO - SXKJOQUQPNBOSA-UHFFFAOYSA-N - Time taken: 0.005100727081298828
[2024-04-07 12:00:40,781] INFO - SXKJOQUQPNBOSA-UHFFFAOYSA-N - Starting work
[2024-04-07 12:00:40,953] INFO - MMFF Minisation was successful
[2024-04-07 12:00:40,963] INFO - MMFF minimisation: 2172.97 -> 1359.69 kcal/mol w/ 1.0741989206697065Å RMSD at max displacement=0.1 & constraint=5
[2024-04-07 12:00:41,042] WARNING - GOUNARLEGNWPCP-UHFFFAOYSA-N - Folder /data/xchem-fragalysis/kfieseler/EV-A71-2A-syndirella-run/check_base_placements_april7/iris_placements/output/GOUNARLEGNWPCP-UHFFFAOYSA-N exists.
[2024-04-07 12:00:41,062] INFO - GOUNARLEGNWPCP-UHFFFAOYSA-N - Time taken: 3.2489778995513916
[2024-04-07 12:00:41,083] INFO - KYUARQFQJUCNFW-UHFFFAOYSA-N - Time taken: 0.005107879638671875
[2024-04-07 12:00:41,083] INFO - KYUARQFQJUCNFW-UHFFFAOYSA-N - Starting work
[2024-04-07 12:00:42,741] INFO - MMFF Minisation was successful
[2024-04-07 12:00:42,752] INFO - MMFF minimisation: 2013.20 -> 701.86 kcal/mol w/ 1.377349175521707Å RMSD at max displacement=0.1 & constraint=5
[2024-04-07 12:00:42,836] WARNING - CLVVEVVTKNLLLU-UHFFFAOYSA-N - Folder /data/xchem-fragalysis/kfieseler/EV-A71-2A-syndirella-run/check_base_placements_april7/iris_placements/output/CLVVEVVTKNLLLU-UHFFFAOYSA-N exists.
[2024-04-07 12:00:42,861] INFO - CLVVEVVTKNLLLU-UHFFFAOYSA-N - Time taken: 3.5411312580108643
[2024-04-07 12:00:42,880] INFO - AKCZIULVMOLGHC-UHFFFAOYSA-N - Time taken: 0.004856109619140625
[2024-04-07 12:00:42,881] INFO - AKCZIULVMOLGHC-UHFFFAOYSA-N - Starting work
[2024-04-07 12:00:43,279] INFO - MMFF Minisation was successful
[2024-04-07 12:00:43,305] INFO - MMFF minimisation: 1614.89 -> 611.63 kcal/mol w/ 1.3028046232615849Å RMSD at max displacement=0.1 & constraint=5
[2024-04-07 12:00:43,446] WARNING - WCNAXNCVZXMWKF-UHFFFAOYSA-N - Folder /data/xchem-fragalysis/kfieseler/EV-A71-2A-syndirella-run/check_base_placements_april7/iris_placements/output/WCNAXNCVZXMWKF-UHFFFAOYSA-N exists.
[2024-04-07 12:00:43,472] INFO - WCNAXNCVZXMWKF-UHFFFAOYSA-N - Time taken: 4.162779808044434
[2024-04-07 12:00:43,489] INFO - MMFF Minisation was successful
[2024-04-07 12:00:43,492] INFO - XNQQWKFGJZTTEX-UHFFFAOYSA-N - Time taken: 0.004988908767700195
[2024-04-07 12:00:43,492] INFO - XNQQWKFGJZTTEX-UHFFFAOYSA-N - Starting work
[2024-04-07 12:00:43,899] INFO - MMFF Minisation was successful
[2024-04-07 12:00:43,902] INFO - MMFF Minisation was successful
[2024-04-07 12:00:44,029] INFO - MMFF Minisation was successful
[2024-04-07 12:00:44,523] INFO - MMFF Minisation was successful
[2024-04-07 12:00:44,549] INFO - MMFF minimisation: 2412.03 -> 832.08 kcal/mol w/ 1.385138737862756Å RMSD at max displacement=0.1 & constraint=5
[2024-04-07 12:00:44,659] WARNING - KYUARQFQJUCNFW-UHFFFAOYSA-N - Folder /data/xchem-fragalysis/kfieseler/EV-A71-2A-syndirella-run/check_base_placements_april7/iris_placements/output/KYUARQFQJUCNFW-UHFFFAOYSA-N exists.
[2024-04-07 12:00:44,685] INFO - KYUARQFQJUCNFW-UHFFFAOYSA-N - Time taken: 3.6070010662078857
[2024-04-07 12:00:44,705] INFO - CVBLKWHDGHXHMC-UHFFFAOYSA-N - Time taken: 0.005236387252807617
[2024-04-07 12:00:44,705] INFO - CVBLKWHDGHXHMC-UHFFFAOYSA-N - Starting work
[2024-04-07 12:00:44,712] INFO - MMFF Minisation was successful
[2024-04-07 12:00:44,722] INFO - MMFF minimisation: 10194.25 -> 802.48 kcal/mol w/ 1.8366940303137582Å RMSD at max displacement=0.1 & constraint=5
[2024-04-07 12:00:44,815] WARNING - SXKJOQUQPNBOSA-UHFFFAOYSA-N - Folder /data/xchem-fragalysis/kfieseler/EV-A71-2A-syndirella-run/check_base_placements_april7/iris_placements/output/SXKJOQUQPNBOSA-UHFFFAOYSA-N exists.
[2024-04-07 12:00:44,837] INFO - SXKJOQUQPNBOSA-UHFFFAOYSA-N - Time taken: 4.06178092956543
[2024-04-07 12:00:44,857] INFO - OTTBQIGJBPRLCN-UHFFFAOYSA-N - Time taken: 0.0032219886779785156
[2024-04-07 12:00:44,857] INFO - OTTBQIGJBPRLCN-UHFFFAOYSA-N - Starting work
[2024-04-07 12:00:45,550] ERROR - OTTBQIGJBPRLCN-UHFFFAOYSA-N — PoisonError: None has poison atoms [3, 1, 2, 0, 2, 1, 3, 0, 3, 1, 0, 2, 0, 1, 3, 2, 2, 1, 0, 3, 4, 0, 1, 2, 3, 4, 11, 7, 8, 10, 11, 7, 8, 10, 11, 7, 8, 10, 11, 7, 8, 10, 11, 5, 7, 8, 10, 11, 5, 7, 8, 10]
[2024-04-07 12:00:45,552] INFO - OTTBQIGJBPRLCN-UHFFFAOYSA-N - Time taken: 0.6980090141296387
[2024-04-07 12:00:45,570] INFO - CKSCOKHGLICLHQ-UHFFFAOYSA-N - Time taken: 0.008400440216064453
[2024-04-07 12:00:45,571] INFO - CKSCOKHGLICLHQ-UHFFFAOYSA-N - Starting work
[2024-04-07 12:00:46,140] ERROR - CKSCOKHGLICLHQ-UHFFFAOYSA-N — PoisonError: None has poison atoms [3, 1, 2, 0, 2, 1, 3, 0, 3, 1, 0, 2, 0, 1, 3, 2, 2, 1, 0, 3, 4, 0, 1, 2, 3, 4, 10, 5, 6, 7, 10, 5, 6, 7, 10, 5, 6, 7, 10, 5, 6, 7, 10, 5, 6, 7, 9, 10, 5, 6, 7, 9]
[2024-04-07 12:00:46,141] INFO - CKSCOKHGLICLHQ-UHFFFAOYSA-N - Time taken: 0.5789196491241455
[2024-04-07 12:00:46,151] INFO - QDEXMOJNLWMDJW-UHFFFAOYSA-N - Time taken: 0.004385232925415039
[2024-04-07 12:00:46,152] INFO - QDEXMOJNLWMDJW-UHFFFAOYSA-N - Starting work
[2024-04-07 12:00:46,793] INFO - MMFF Minisation was successful
[2024-04-07 12:00:46,808] INFO - MMFF minimisation: 1896.87 -> 645.58 kcal/mol w/ 1.3752246581171261Å RMSD at max displacement=0.1 & constraint=5
[2024-04-07 12:00:46,902] ERROR - QDEXMOJNLWMDJW-UHFFFAOYSA-N — DistanceError: A71EV2A-x0528_A_147_A71EV2A-x0501+A+152+1
[2024-04-07 12:00:46,903] INFO - QDEXMOJNLWMDJW-UHFFFAOYSA-N - Time taken: 0.7562134265899658
[2024-04-07 12:00:46,919] WARNING - XNQQWKFGJZTTEX-UHFFFAOYSA-N - Folder /data/xchem-fragalysis/kfieseler/EV-A71-2A-syndirella-run/check_base_placements_april7/iris_placements/output/XNQQWKFGJZTTEX-UHFFFAOYSA-N exists.
[2024-04-07 12:00:46,921] INFO - UASUHFYDLOTSPQ-UHFFFAOYSA-N - Time taken: 0.006513357162475586
[2024-04-07 12:00:46,922] INFO - UASUHFYDLOTSPQ-UHFFFAOYSA-N - Starting work
[2024-04-07 12:00:46,944] INFO - XNQQWKFGJZTTEX-UHFFFAOYSA-N - Time taken: 3.4566245079040527
[2024-04-07 12:00:46,962] INFO - WKZRUHMHRSTISJ-UHFFFAOYSA-N - Time taken: 0.00274658203125
[2024-04-07 12:00:46,962] INFO - WKZRUHMHRSTISJ-UHFFFAOYSA-N - Starting work
[2024-04-07 12:00:47,010] INFO - MMFF Minisation was successful
[2024-04-07 12:00:47,112] INFO - MMFF minimisation: 1764.25 -> 573.98 kcal/mol w/ 1.3199154898678827Å RMSD at max displacement=0.1 & constraint=5
[2024-04-07 12:00:47,211] WARNING - AKCZIULVMOLGHC-UHFFFAOYSA-N - Folder /data/xchem-fragalysis/kfieseler/EV-A71-2A-syndirella-run/check_base_placements_april7/iris_placements/output/AKCZIULVMOLGHC-UHFFFAOYSA-N exists.
[2024-04-07 12:00:47,242] INFO - AKCZIULVMOLGHC-UHFFFAOYSA-N - Time taken: 4.366881370544434
[2024-04-07 12:00:47,261] INFO - BRPRTCVLXGUWHL-UHFFFAOYSA-N - Time taken: 0.004271030426025391
[2024-04-07 12:00:47,261] INFO - BRPRTCVLXGUWHL-UHFFFAOYSA-N - Starting work
[2024-04-07 12:00:47,688] ERROR - BRPRTCVLXGUWHL-UHFFFAOYSA-N — DistanceError: A71EV2A-x0528_A_147_A71EV2A-x0501+A+152+1
[2024-04-07 12:00:47,689] INFO - BRPRTCVLXGUWHL-UHFFFAOYSA-N - Time taken: 0.4319770336151123
[2024-04-07 12:00:47,703] INFO - WAIPLHISPZPDCO-UHFFFAOYSA-N - Time taken: 0.0044097900390625
[2024-04-07 12:00:47,704] INFO - WAIPLHISPZPDCO-UHFFFAOYSA-N - Starting work
[2024-04-07 12:00:47,842] INFO - MMFF Minisation was successful
[2024-04-07 12:00:47,856] INFO - MMFF minimisation: 37517.58 -> 798.66 kcal/mol w/ 2.8006405409499706Å RMSD at max displacement=0.1 & constraint=1
[2024-04-07 12:00:47,941] INFO - MMFF Minisation was successful
[2024-04-07 12:00:47,955] INFO - MMFF minimisation: 9427.03 -> 725.01 kcal/mol w/ 3.4123298858121247Å RMSD at max displacement=0.1 & constraint=1
[2024-04-07 12:00:47,971] WARNING - FQGGXMVTNBDGEE-UHFFFAOYSA-N - Folder /data/xchem-fragalysis/kfieseler/EV-A71-2A-syndirella-run/check_base_placements_april7/iris_placements/output/FQGGXMVTNBDGEE-UHFFFAOYSA-N exists.
[2024-04-07 12:00:47,998] INFO - FQGGXMVTNBDGEE-UHFFFAOYSA-N - Time taken: 8.679136991500854
[2024-04-07 12:00:48,010] INFO - GNGHXHDPKASYTF-UHFFFAOYSA-N - Time taken: 0.004271984100341797
[2024-04-07 12:00:48,010] INFO - GNGHXHDPKASYTF-UHFFFAOYSA-N - Starting work
[2024-04-07 12:00:48,067] WARNING - ZEEZCEGNYUPWRG-UHFFFAOYSA-N - Folder /data/xchem-fragalysis/kfieseler/EV-A71-2A-syndirella-run/check_base_placements_april7/iris_placements/output/ZEEZCEGNYUPWRG-UHFFFAOYSA-N exists.
[2024-04-07 12:00:48,092] INFO - ZEEZCEGNYUPWRG-UHFFFAOYSA-N - Time taken: 8.586915969848633
[2024-04-07 12:00:48,112] INFO - STIQFIHEOJHUKS-UHFFFAOYSA-N - Time taken: 0.0032052993774414062
[2024-04-07 12:00:48,113] INFO - STIQFIHEOJHUKS-UHFFFAOYSA-N - Starting work
[2024-04-07 12:00:48,148] INFO - MMFF Minisation was successful
[2024-04-07 12:00:48,163] INFO - MMFF minimisation: 10502.53 -> 605.52 kcal/mol w/ 2.937933607378695Å RMSD at max displacement=0.1 & constraint=1
[2024-04-07 12:00:48,283] WARNING - FQGGXMVTNBDGEE-UHFFFAOYSA-N - Folder /data/xchem-fragalysis/kfieseler/EV-A71-2A-syndirella-run/check_base_placements_april7/iris_placements/output/FQGGXMVTNBDGEE-UHFFFAOYSA-N exists.
[2024-04-07 12:00:48,301] INFO - FQGGXMVTNBDGEE-UHFFFAOYSA-N - Time taken: 9.01747465133667
[2024-04-07 12:00:48,312] INFO - YZOOPOJBAXYWAO-UHFFFAOYSA-N - Time taken: 0.0037178993225097656
[2024-04-07 12:00:48,312] INFO - YZOOPOJBAXYWAO-UHFFFAOYSA-N - Starting work
[2024-04-07 12:00:48,410] ERROR - WAIPLHISPZPDCO-UHFFFAOYSA-N — DistanceError: A71EV2A-x0528_A_147_A71EV2A-x0501+A+152+1
[2024-04-07 12:00:48,411] INFO - WAIPLHISPZPDCO-UHFFFAOYSA-N - Time taken: 0.7123851776123047
[2024-04-07 12:00:48,422] INFO - MMFF Minisation was successful
[2024-04-07 12:00:48,422] INFO - HTQKETIGMLSVKZ-UHFFFAOYSA-N - Time taken: 0.004807949066162109
[2024-04-07 12:00:48,423] INFO - HTQKETIGMLSVKZ-UHFFFAOYSA-N - Starting work
[2024-04-07 12:00:48,435] INFO - MMFF minimisation: 1839.06 -> 578.30 kcal/mol w/ 1.3723428466211496Å RMSD at max displacement=0.1 & constraint=5
[2024-04-07 12:00:48,551] WARNING - CVBLKWHDGHXHMC-UHFFFAOYSA-N - Folder /data/xchem-fragalysis/kfieseler/EV-A71-2A-syndirella-run/check_base_placements_april7/iris_placements/output/CVBLKWHDGHXHMC-UHFFFAOYSA-N exists.
[2024-04-07 12:00:48,572] INFO - CVBLKWHDGHXHMC-UHFFFAOYSA-N - Time taken: 3.871967077255249
[2024-04-07 12:00:48,589] INFO - XIPUDWAUXVXPNO-UHFFFAOYSA-N - Time taken: 0.004423379898071289
[2024-04-07 12:00:48,590] INFO - XIPUDWAUXVXPNO-UHFFFAOYSA-N - Starting work
[2024-04-07 12:00:49,133] ERROR - YZOOPOJBAXYWAO-UHFFFAOYSA-N — PoisonError: None has poison atoms [3, 0, 3, 4, 4, 3, 4, 3, 4, 3, 4, 3, 4, 3, 4, 3, 4, 3, 4, 3]
[2024-04-07 12:00:49,134] INFO - YZOOPOJBAXYWAO-UHFFFAOYSA-N - Time taken: 0.8258945941925049
[2024-04-07 12:00:49,152] INFO - PQJGLHUZTOLOOJ-UHFFFAOYSA-N - Time taken: 0.007997274398803711
[2024-04-07 12:00:49,152] INFO - PQJGLHUZTOLOOJ-UHFFFAOYSA-N - Starting work
[2024-04-07 12:00:49,362] ERROR - PQJGLHUZTOLOOJ-UHFFFAOYSA-N — DistanceError: A71EV2A-x0732_A_201_A71EV2A-x0501+A+152+1+A71EV2A-x0884_A_147_A71EV2A-x0501+A+152+1
[2024-04-07 12:00:49,362] INFO - PQJGLHUZTOLOOJ-UHFFFAOYSA-N - Time taken: 0.21863508224487305
[2024-04-07 12:00:49,374] INFO - FQFPAZZORQAFOQ-UHFFFAOYSA-N - Time taken: 0.006058692932128906
[2024-04-07 12:00:49,374] INFO - FQFPAZZORQAFOQ-UHFFFAOYSA-N - Starting work
[2024-04-07 12:00:49,486] INFO - MMFF Minisation was successful
[2024-04-07 12:00:49,503] INFO - MMFF minimisation: 11291.04 -> 1547.63 kcal/mol w/ 3.4134312190798Å RMSD at max displacement=0.1 & constraint=1
[2024-04-07 12:00:49,625] ERROR - FQFPAZZORQAFOQ-UHFFFAOYSA-N — DistanceError: A71EV2A-x0732_A_201_A71EV2A-x0501+A+152+1+A71EV2A-x0884_A_147_A71EV2A-x0501+A+152+1
[2024-04-07 12:00:49,625] INFO - FQFPAZZORQAFOQ-UHFFFAOYSA-N - Time taken: 0.2570476531982422
[2024-04-07 12:00:49,638] WARNING - FQFPAZZORQAFOQ-UHFFFAOYSA-N - Folder /data/xchem-fragalysis/kfieseler/EV-A71-2A-syndirella-run/check_base_placements_april7/iris_placements/output/FQFPAZZORQAFOQ-UHFFFAOYSA-N exists.
[2024-04-07 12:00:49,639] INFO - FQFPAZZORQAFOQ-UHFFFAOYSA-N - Time taken: 0.0021753311157226562
[2024-04-07 12:00:49,639] INFO - FQFPAZZORQAFOQ-UHFFFAOYSA-N - Starting work
[2024-04-07 12:00:49,644] WARNING - ZEEZCEGNYUPWRG-UHFFFAOYSA-N - Folder /data/xchem-fragalysis/kfieseler/EV-A71-2A-syndirella-run/check_base_placements_april7/iris_placements/output/ZEEZCEGNYUPWRG-UHFFFAOYSA-N exists.
[2024-04-07 12:00:49,679] INFO - ZEEZCEGNYUPWRG-UHFFFAOYSA-N - Time taken: 10.187395811080933
[2024-04-07 12:00:49,698] INFO - VKJZGMPIQHJVLA-UHFFFAOYSA-N - Time taken: 0.0037374496459960938
[2024-04-07 12:00:49,699] INFO - VKJZGMPIQHJVLA-UHFFFAOYSA-N - Starting work
[2024-04-07 12:00:49,862] ERROR - FQFPAZZORQAFOQ-UHFFFAOYSA-N — DistanceError: A71EV2A-x0732_A_201_A71EV2A-x0501+A+152+1+A71EV2A-x0884_A_147_A71EV2A-x0501+A+152+1
[2024-04-07 12:00:49,862] INFO - FQFPAZZORQAFOQ-UHFFFAOYSA-N - Time taken: 0.22585654258728027
[2024-04-07 12:00:49,995] INFO - OBUBWHPICUMDFS-UHFFFAOYSA-N - Time taken: 0.00879812240600586
[2024-04-07 12:00:49,996] INFO - OBUBWHPICUMDFS-UHFFFAOYSA-N - Starting work
[2024-04-07 12:00:50,015] INFO - MMFF Minisation was successful
[2024-04-07 12:00:50,019] INFO - MMFF minimisation: 68882.55 -> 551.40 kcal/mol w/ 1.9138499065871386Å RMSD at max displacement=0.1 & constraint=5
[2024-04-07 12:00:50,059] WARNING - XIPUDWAUXVXPNO-UHFFFAOYSA-N - Folder /data/xchem-fragalysis/kfieseler/EV-A71-2A-syndirella-run/check_base_placements_april7/iris_placements/output/XIPUDWAUXVXPNO-UHFFFAOYSA-N exists.
[2024-04-07 12:00:50,061] INFO - MMFF Minisation was successful
[2024-04-07 12:00:50,071] INFO - MMFF minimisation: 1241.39 -> 747.81 kcal/mol w/ 0.7479686690936524Å RMSD at max displacement=0.1 & constraint=5
[2024-04-07 12:00:50,078] INFO - XIPUDWAUXVXPNO-UHFFFAOYSA-N - Time taken: 1.49310302734375
[2024-04-07 12:00:50,094] INFO - GESKIQUAEAEKEC-UHFFFAOYSA-N - Time taken: 0.002794504165649414
[2024-04-07 12:00:50,095] INFO - GESKIQUAEAEKEC-UHFFFAOYSA-N - Starting work
[2024-04-07 12:00:50,153] WARNING - HTQKETIGMLSVKZ-UHFFFAOYSA-N - Folder /data/xchem-fragalysis/kfieseler/EV-A71-2A-syndirella-run/check_base_placements_april7/iris_placements/output/HTQKETIGMLSVKZ-UHFFFAOYSA-N exists.
[2024-04-07 12:00:50,181] ERROR - OBUBWHPICUMDFS-UHFFFAOYSA-N — DistanceError: A71EV2A-x0732_A_201_A71EV2A-x0501+A+152+1+A71EV2A-x0884_A_147_A71EV2A-x0501+A+152+1
[2024-04-07 12:00:50,181] INFO - OBUBWHPICUMDFS-UHFFFAOYSA-N - Time taken: 0.1956498622894287
[2024-04-07 12:00:50,183] INFO - HTQKETIGMLSVKZ-UHFFFAOYSA-N - Time taken: 1.7654693126678467
[2024-04-07 12:00:50,193] INFO - FRTHHRMKZNHOHZ-UHFFFAOYSA-N - Time taken: 0.004159450531005859
[2024-04-07 12:00:50,193] INFO - FRTHHRMKZNHOHZ-UHFFFAOYSA-N - Starting work
[2024-04-07 12:00:50,198] INFO - NBKVJXHGVIAVOZ-UHFFFAOYSA-N - Time taken: 0.005275249481201172
[2024-04-07 12:00:50,199] INFO - NBKVJXHGVIAVOZ-UHFFFAOYSA-N - Starting work
[2024-04-07 12:00:50,281] ERROR - GESKIQUAEAEKEC-UHFFFAOYSA-N — PoisonError: None has poison atoms [14, 13, 15, 14, 13, 12, 6, 5]
[2024-04-07 12:00:50,282] INFO - GESKIQUAEAEKEC-UHFFFAOYSA-N - Time taken: 0.19015097618103027
[2024-04-07 12:00:50,288] WARNING - NBKVJXHGVIAVOZ-UHFFFAOYSA-N - Folder /data/xchem-fragalysis/kfieseler/EV-A71-2A-syndirella-run/check_base_placements_april7/iris_placements/output/NBKVJXHGVIAVOZ-UHFFFAOYSA-N exists.
[2024-04-07 12:00:50,288] INFO - NBKVJXHGVIAVOZ-UHFFFAOYSA-N - Time taken: 0.0009448528289794922
[2024-04-07 12:00:50,288] INFO - NBKVJXHGVIAVOZ-UHFFFAOYSA-N - Starting work
[2024-04-07 12:00:50,336] ERROR - FRTHHRMKZNHOHZ-UHFFFAOYSA-N — DistanceError: A71EV2A-x0732_A_201_A71EV2A-x0501+A+152+1+A71EV2A-x0884_A_147_A71EV2A-x0501+A+152+1
[2024-04-07 12:00:50,336] INFO - FRTHHRMKZNHOHZ-UHFFFAOYSA-N - Time taken: 0.14776301383972168
[2024-04-07 12:00:50,352] INFO - IQMJGAJBLUOSIO-UHFFFAOYSA-N - Time taken: 0.0061872005462646484
[2024-04-07 12:00:50,352] INFO - IQMJGAJBLUOSIO-UHFFFAOYSA-N - Starting work
[2024-04-07 12:00:50,474] ERROR - NBKVJXHGVIAVOZ-UHFFFAOYSA-N — PoisonError: None has poison atoms [7, 6, 8, 7, 6, 5, 4, 15]
[2024-04-07 12:00:50,475] INFO - NBKVJXHGVIAVOZ-UHFFFAOYSA-N - Time taken: 0.28171586990356445
[2024-04-07 12:00:50,549] ERROR - NBKVJXHGVIAVOZ-UHFFFAOYSA-N — PoisonError: None has poison atoms [7, 6, 8, 7, 6, 5, 4, 15]
[2024-04-07 12:00:50,550] INFO - NBKVJXHGVIAVOZ-UHFFFAOYSA-N - Time taken: 0.2624490261077881
[2024-04-07 12:00:50,562] INFO - AQBGOYVDFRNQGD-UHFFFAOYSA-N - Time taken: 0.0033686161041259766
[2024-04-07 12:00:50,562] INFO - AQBGOYVDFRNQGD-UHFFFAOYSA-N - Starting work
[2024-04-07 12:00:50,589] ERROR - IQMJGAJBLUOSIO-UHFFFAOYSA-N — PoisonError: None has poison atoms [7, 6, 8, 7, 6, 5, 4, 15]
[2024-04-07 12:00:50,589] INFO - IQMJGAJBLUOSIO-UHFFFAOYSA-N - Time taken: 0.24387884140014648
[2024-04-07 12:00:50,595] WARNING - AQBGOYVDFRNQGD-UHFFFAOYSA-N - Folder /data/xchem-fragalysis/kfieseler/EV-A71-2A-syndirella-run/check_base_placements_april7/iris_placements/output/AQBGOYVDFRNQGD-UHFFFAOYSA-N exists.
[2024-04-07 12:00:50,596] INFO - AQBGOYVDFRNQGD-UHFFFAOYSA-N - Time taken: 0.0011909008026123047
[2024-04-07 12:00:50,596] INFO - AQBGOYVDFRNQGD-UHFFFAOYSA-N - Starting work
[2024-04-07 12:00:50,607] INFO - PNVZAYIBWRTCMN-UHFFFAOYSA-N - Time taken: 0.006932973861694336
[2024-04-07 12:00:50,608] INFO - PNVZAYIBWRTCMN-UHFFFAOYSA-N - Starting work
[2024-04-07 12:00:50,785] ERROR - AQBGOYVDFRNQGD-UHFFFAOYSA-N — DistanceError: A71EV2A-x0732_A_201_A71EV2A-x0501+A+152+1+A71EV2A-x0884_A_147_A71EV2A-x0501+A+152+1
[2024-04-07 12:00:50,785] INFO - AQBGOYVDFRNQGD-UHFFFAOYSA-N - Time taken: 0.22604060173034668
[2024-04-07 12:00:50,849] ERROR - AQBGOYVDFRNQGD-UHFFFAOYSA-N — DistanceError: A71EV2A-x0732_A_201_A71EV2A-x0501+A+152+1+A71EV2A-x0884_A_147_A71EV2A-x0501+A+152+1
[2024-04-07 12:00:50,849] INFO - AQBGOYVDFRNQGD-UHFFFAOYSA-N - Time taken: 0.25441813468933105
[2024-04-07 12:00:50,863] INFO - SBHWNWCNYBGLJZ-UHFFFAOYSA-N - Time taken: 0.004136800765991211
[2024-04-07 12:00:50,863] INFO - SBHWNWCNYBGLJZ-UHFFFAOYSA-N - Starting work
[2024-04-07 12:00:50,937] INFO - ZVTXJLVFUAMZRS-UHFFFAOYSA-N - Time taken: 0.012406349182128906
[2024-04-07 12:00:50,937] INFO - ZVTXJLVFUAMZRS-UHFFFAOYSA-N - Starting work
[2024-04-07 12:00:51,376] INFO - MMFF Minisation was successful
[2024-04-07 12:00:51,395] INFO - MMFF minimisation: 1206.97 -> 796.78 kcal/mol w/ 0.8162766641466517Å RMSD at max displacement=0.1 & constraint=5
[2024-04-07 12:00:51,464] WARNING - VKJZGMPIQHJVLA-UHFFFAOYSA-N - Folder /data/xchem-fragalysis/kfieseler/EV-A71-2A-syndirella-run/check_base_placements_april7/iris_placements/output/VKJZGMPIQHJVLA-UHFFFAOYSA-N exists.
[2024-04-07 12:00:51,495] INFO - VKJZGMPIQHJVLA-UHFFFAOYSA-N - Time taken: 1.80043625831604
[2024-04-07 12:00:51,510] INFO - NMLCPEMTBQOHIE-UHFFFAOYSA-N - Time taken: 0.003086090087890625
[2024-04-07 12:00:51,510] INFO - NMLCPEMTBQOHIE-UHFFFAOYSA-N - Starting work
[2024-04-07 12:00:52,785] INFO - MMFF Minisation was successful
[2024-04-07 12:00:52,886] INFO - MMFF Minisation was successful
[2024-04-07 12:00:52,914] INFO - MMFF minimisation: 3996.35 -> 1308.77 kcal/mol w/ 1.7511096708002092Å RMSD at max displacement=0.1 & constraint=5
[2024-04-07 12:00:52,993] WARNING - GNGHXHDPKASYTF-UHFFFAOYSA-N - Folder /data/xchem-fragalysis/kfieseler/EV-A71-2A-syndirella-run/check_base_placements_april7/iris_placements/output/GNGHXHDPKASYTF-UHFFFAOYSA-N exists.
[2024-04-07 12:00:53,026] INFO - GNGHXHDPKASYTF-UHFFFAOYSA-N - Time taken: 5.020550966262817
[2024-04-07 12:00:53,046] INFO - SMTYBWHFSAKKED-UHFFFAOYSA-N - Time taken: 0.0045680999755859375
[2024-04-07 12:00:53,046] INFO - SMTYBWHFSAKKED-UHFFFAOYSA-N - Starting work
[2024-04-07 12:00:53,237] INFO - MMFF minimisation: 9555.90 -> 1069.25 kcal/mol w/ 1.546229860378276Å RMSD at max displacement=0.1 & constraint=5
[2024-04-07 12:00:53,374] WARNING - UASUHFYDLOTSPQ-UHFFFAOYSA-N - Folder /data/xchem-fragalysis/kfieseler/EV-A71-2A-syndirella-run/check_base_placements_april7/iris_placements/output/UASUHFYDLOTSPQ-UHFFFAOYSA-N exists.
[2024-04-07 12:00:53,397] INFO - UASUHFYDLOTSPQ-UHFFFAOYSA-N - Time taken: 6.482235908508301
[2024-04-07 12:00:53,415] INFO - JKENRCTVZAQDOU-UHFFFAOYSA-N - Time taken: 0.0044384002685546875
[2024-04-07 12:00:53,415] INFO - JKENRCTVZAQDOU-UHFFFAOYSA-N - Starting work
[2024-04-07 12:00:54,074] INFO - MMFF Minisation was successful
[2024-04-07 12:00:54,173] INFO - MMFF Minisation was successful
[2024-04-07 12:00:54,177] INFO - MMFF Minisation was successful
[2024-04-07 12:00:54,203] INFO - MMFF minimisation: 1451.24 -> 718.39 kcal/mol w/ 1.0321570582670827Å RMSD at max displacement=0.1 & constraint=5
[2024-04-07 12:00:54,296] INFO - MMFF minimisation: 10608.13 -> 1071.96 kcal/mol w/ 2.0022171001671007Å RMSD at max displacement=0.1 & constraint=5
[2024-04-07 12:00:54,307] WARNING - PNVZAYIBWRTCMN-UHFFFAOYSA-N - Folder /data/xchem-fragalysis/kfieseler/EV-A71-2A-syndirella-run/check_base_placements_april7/iris_placements/output/PNVZAYIBWRTCMN-UHFFFAOYSA-N exists.
[2024-04-07 12:00:54,346] INFO - PNVZAYIBWRTCMN-UHFFFAOYSA-N - Time taken: 3.746072769165039
[2024-04-07 12:00:54,362] WARNING - SBHWNWCNYBGLJZ-UHFFFAOYSA-N - Folder /data/xchem-fragalysis/kfieseler/EV-A71-2A-syndirella-run/check_base_placements_april7/iris_placements/output/SBHWNWCNYBGLJZ-UHFFFAOYSA-N exists.
[2024-04-07 12:00:54,364] WARNING - JKENRCTVZAQDOU-UHFFFAOYSA-N - Folder /data/xchem-fragalysis/kfieseler/EV-A71-2A-syndirella-run/check_base_placements_april7/iris_placements/output/JKENRCTVZAQDOU-UHFFFAOYSA-N exists.
[2024-04-07 12:00:54,364] INFO - JKENRCTVZAQDOU-UHFFFAOYSA-N - Time taken: 0.0011267662048339844
[2024-04-07 12:00:54,365] INFO - JKENRCTVZAQDOU-UHFFFAOYSA-N - Starting work
[2024-04-07 12:00:54,393] INFO - SBHWNWCNYBGLJZ-UHFFFAOYSA-N - Time taken: 3.5347087383270264
[2024-04-07 12:00:54,412] INFO - WMXYYSIGMVYKFL-UHFFFAOYSA-N - Time taken: 0.004792213439941406
[2024-04-07 12:00:54,412] INFO - WMXYYSIGMVYKFL-UHFFFAOYSA-N - Starting work
[2024-04-07 12:00:56,188] INFO - MMFF Minisation was successful
[2024-04-07 12:00:56,221] INFO - MMFF minimisation: 18831.28 -> 1305.27 kcal/mol w/ 1.953876482092887Å RMSD at max displacement=0.1 & constraint=5
[2024-04-07 12:00:56,296] WARNING - ZVTXJLVFUAMZRS-UHFFFAOYSA-N - Folder /data/xchem-fragalysis/kfieseler/EV-A71-2A-syndirella-run/check_base_placements_april7/iris_placements/output/ZVTXJLVFUAMZRS-UHFFFAOYSA-N exists.
[2024-04-07 12:00:56,333] INFO - ZVTXJLVFUAMZRS-UHFFFAOYSA-N - Time taken: 5.408912658691406
[2024-04-07 12:00:56,351] INFO - VDDVVUWBLUMWLR-UHFFFAOYSA-N - Time taken: 0.0035622119903564453
[2024-04-07 12:00:56,351] INFO - VDDVVUWBLUMWLR-UHFFFAOYSA-N - Starting work
[2024-04-07 12:00:57,009] INFO - MMFF Minisation was successful
[2024-04-07 12:00:57,062] INFO - MMFF minimisation: 10557.37 -> 1044.03 kcal/mol w/ 2.1142432439647507Å RMSD at max displacement=0.1 & constraint=5
[2024-04-07 12:00:57,201] WARNING - NMLCPEMTBQOHIE-UHFFFAOYSA-N - Folder /data/xchem-fragalysis/kfieseler/EV-A71-2A-syndirella-run/check_base_placements_april7/iris_placements/output/NMLCPEMTBQOHIE-UHFFFAOYSA-N exists.
[2024-04-07 12:00:57,227] INFO - NMLCPEMTBQOHIE-UHFFFAOYSA-N - Time taken: 5.72060489654541
[2024-04-07 12:00:57,246] INFO - JDJTZDXQRRYBMV-UHFFFAOYSA-N - Time taken: 0.004974842071533203
[2024-04-07 12:00:57,246] INFO - JDJTZDXQRRYBMV-UHFFFAOYSA-N - Starting work
[2024-04-07 12:00:57,256] INFO - MMFF Minisation was successful
[2024-04-07 12:00:57,437] INFO - MMFF Minisation was successful
[2024-04-07 12:00:57,474] INFO - MMFF minimisation: 4945.08 -> 1591.46 kcal/mol w/ 1.6137309190337947Å RMSD at max displacement=0.1 & constraint=5
[2024-04-07 12:00:57,563] INFO - MMFF Minisation was successful
[2024-04-07 12:00:57,571] INFO - MMFF minimisation: 3865.75 -> 677.62 kcal/mol w/ 1.9186521757922061Å RMSD at max displacement=0.1 & constraint=5
[2024-04-07 12:00:57,575] WARNING - JKENRCTVZAQDOU-UHFFFAOYSA-N - Folder /data/xchem-fragalysis/kfieseler/EV-A71-2A-syndirella-run/check_base_placements_april7/iris_placements/output/JKENRCTVZAQDOU-UHFFFAOYSA-N exists.
[2024-04-07 12:00:57,601] INFO - JKENRCTVZAQDOU-UHFFFAOYSA-N - Time taken: 4.189978361129761
[2024-04-07 12:00:57,642] WARNING - WMXYYSIGMVYKFL-UHFFFAOYSA-N - Folder /data/xchem-fragalysis/kfieseler/EV-A71-2A-syndirella-run/check_base_placements_april7/iris_placements/output/WMXYYSIGMVYKFL-UHFFFAOYSA-N exists.
[2024-04-07 12:00:57,666] INFO - WMXYYSIGMVYKFL-UHFFFAOYSA-N - Time taken: 3.2594900131225586
[2024-04-07 12:00:57,685] INFO - ZMNSQVIBTKNQGL-UHFFFAOYSA-N - Time taken: 0.004213809967041016
[2024-04-07 12:00:57,685] INFO - ZMNSQVIBTKNQGL-UHFFFAOYSA-N - Starting work
[2024-04-07 12:00:57,701] INFO - BRSYMCNEXAIIKP-UHFFFAOYSA-N - Time taken: 0.006949424743652344
[2024-04-07 12:00:57,702] INFO - BRSYMCNEXAIIKP-UHFFFAOYSA-N - Starting work
[2024-04-07 12:00:58,590] INFO - MMFF Minisation was successful
[2024-04-07 12:00:58,900] INFO - MMFF Minisation was successful
[2024-04-07 12:00:58,934] INFO - MMFF minimisation: 3809.78 -> 675.12 kcal/mol w/ 1.7885681529285826Å RMSD at max displacement=0.1 & constraint=5
[2024-04-07 12:00:59,007] WARNING - JKENRCTVZAQDOU-UHFFFAOYSA-N - Folder /data/xchem-fragalysis/kfieseler/EV-A71-2A-syndirella-run/check_base_placements_april7/iris_placements/output/JKENRCTVZAQDOU-UHFFFAOYSA-N exists.
[2024-04-07 12:00:59,032] INFO - JKENRCTVZAQDOU-UHFFFAOYSA-N - Time taken: 4.668489217758179
[2024-04-07 12:00:59,050] INFO - APPQVEGAZDMLRK-UHFFFAOYSA-N - Time taken: 0.003175973892211914
[2024-04-07 12:00:59,051] INFO - APPQVEGAZDMLRK-UHFFFAOYSA-N - Starting work
[2024-04-07 12:00:59,285] INFO - MMFF Minisation was successful
[2024-04-07 12:00:59,384] INFO - MMFF Minisation was successful
[2024-04-07 12:00:59,392] INFO - MMFF minimisation: 10334.93 -> 982.15 kcal/mol w/ 2.2325070564159777Å RMSD at max displacement=0.1 & constraint=1
[2024-04-07 12:00:59,463] WARNING - SMTYBWHFSAKKED-UHFFFAOYSA-N - Folder /data/xchem-fragalysis/kfieseler/EV-A71-2A-syndirella-run/check_base_placements_april7/iris_placements/output/SMTYBWHFSAKKED-UHFFFAOYSA-N exists.
[2024-04-07 12:00:59,494] INFO - SMTYBWHFSAKKED-UHFFFAOYSA-N - Time taken: 6.451907396316528
[2024-04-07 12:00:59,512] INFO - POCUJFWFNYSLBL-UHFFFAOYSA-N - Time taken: 0.004490852355957031
[2024-04-07 12:00:59,512] INFO - POCUJFWFNYSLBL-UHFFFAOYSA-N - Starting work
[2024-04-07 12:01:00,733] INFO - MMFF Minisation was successful
[2024-04-07 12:01:00,794] INFO - MMFF Minisation was successful
[2024-04-07 12:01:01,463] INFO - MMFF Minisation was successful
[2024-04-07 12:01:01,479] INFO - MMFF minimisation: 10312.44 -> 1171.28 kcal/mol w/ 2.168739873516654Å RMSD at max displacement=0.1 & constraint=5
[2024-04-07 12:01:01,564] WARNING - ZMNSQVIBTKNQGL-UHFFFAOYSA-N - Folder /data/xchem-fragalysis/kfieseler/EV-A71-2A-syndirella-run/check_base_placements_april7/iris_placements/output/ZMNSQVIBTKNQGL-UHFFFAOYSA-N exists.
[2024-04-07 12:01:01,588] INFO - ZMNSQVIBTKNQGL-UHFFFAOYSA-N - Time taken: 3.907050371170044
[2024-04-07 12:01:01,603] WARNING - APPQVEGAZDMLRK-UHFFFAOYSA-N - Folder /data/xchem-fragalysis/kfieseler/EV-A71-2A-syndirella-run/check_base_placements_april7/iris_placements/output/APPQVEGAZDMLRK-UHFFFAOYSA-N exists.
[2024-04-07 12:01:01,604] INFO - APPQVEGAZDMLRK-UHFFFAOYSA-N - Time taken: 0.001401662826538086
[2024-04-07 12:01:01,604] INFO - APPQVEGAZDMLRK-UHFFFAOYSA-N - Starting work
[2024-04-07 12:01:03,330] INFO - MMFF Minisation was successful
[2024-04-07 12:01:03,375] INFO - MMFF minimisation: 11209.54 -> 1259.83 kcal/mol w/ 4.151702291501474Å RMSD at max displacement=0.1 & constraint=1
[2024-04-07 12:01:03,452] WARNING - VDDVVUWBLUMWLR-UHFFFAOYSA-N - Folder /data/xchem-fragalysis/kfieseler/EV-A71-2A-syndirella-run/check_base_placements_april7/iris_placements/output/VDDVVUWBLUMWLR-UHFFFAOYSA-N exists.
[2024-04-07 12:01:03,474] INFO - MMFF Minisation was successful
[2024-04-07 12:01:03,481] INFO - VDDVVUWBLUMWLR-UHFFFAOYSA-N - Time taken: 7.1339757442474365
[2024-04-07 12:01:03,489] INFO - MMFF minimisation: 9043.14 -> 809.94 kcal/mol w/ 3.335683046321809Å RMSD at max displacement=0.1 & constraint=1
[2024-04-07 12:01:03,499] INFO - VDXZGYJNKRBGHE-UHFFFAOYSA-N - Time taken: 0.004301309585571289
[2024-04-07 12:01:03,499] INFO - VDXZGYJNKRBGHE-UHFFFAOYSA-N - Starting work
[2024-04-07 12:01:03,577] INFO - MMFF Minisation was successful
[2024-04-07 12:01:03,607] WARNING - BRSYMCNEXAIIKP-UHFFFAOYSA-N - Folder /data/xchem-fragalysis/kfieseler/EV-A71-2A-syndirella-run/check_base_placements_april7/iris_placements/output/BRSYMCNEXAIIKP-UHFFFAOYSA-N exists.
[2024-04-07 12:01:03,631] INFO - BRSYMCNEXAIIKP-UHFFFAOYSA-N - Time taken: 5.936276435852051
[2024-04-07 12:01:03,654] INFO - GVPFTUOBLWBNJI-UHFFFAOYSA-N - Time taken: 0.005931377410888672
[2024-04-07 12:01:03,654] INFO - GVPFTUOBLWBNJI-UHFFFAOYSA-N - Starting work
[2024-04-07 12:01:04,067] INFO - MMFF Minisation was successful
[2024-04-07 12:01:05,769] INFO - MMFF Minisation was successful
[2024-04-07 12:01:05,790] INFO - MMFF minimisation: 210783.63 -> 930.60 kcal/mol w/ 2.147990841558949Å RMSD at max displacement=0.1 & constraint=5
[2024-04-07 12:01:05,860] INFO - MMFF Minisation was successful
[2024-04-07 12:01:05,881] WARNING - POCUJFWFNYSLBL-UHFFFAOYSA-N - Folder /data/xchem-fragalysis/kfieseler/EV-A71-2A-syndirella-run/check_base_placements_april7/iris_placements/output/POCUJFWFNYSLBL-UHFFFAOYSA-N exists.
[2024-04-07 12:01:05,887] INFO - MMFF minimisation: 2370.85 -> 642.49 kcal/mol w/ 1.1669460722861635Å RMSD at max displacement=0.1 & constraint=5
[2024-04-07 12:01:05,903] INFO - POCUJFWFNYSLBL-UHFFFAOYSA-N - Time taken: 6.3962626457214355
[2024-04-07 12:01:05,914] WARNING - GVPFTUOBLWBNJI-UHFFFAOYSA-N - Folder /data/xchem-fragalysis/kfieseler/EV-A71-2A-syndirella-run/check_base_placements_april7/iris_placements/output/GVPFTUOBLWBNJI-UHFFFAOYSA-N exists.
[2024-04-07 12:01:05,914] INFO - GVPFTUOBLWBNJI-UHFFFAOYSA-N - Time taken: 0.0007693767547607422
[2024-04-07 12:01:05,914] INFO - GVPFTUOBLWBNJI-UHFFFAOYSA-N - Starting work
[2024-04-07 12:01:05,981] WARNING - APPQVEGAZDMLRK-UHFFFAOYSA-N - Folder /data/xchem-fragalysis/kfieseler/EV-A71-2A-syndirella-run/check_base_placements_april7/iris_placements/output/APPQVEGAZDMLRK-UHFFFAOYSA-N exists.
[2024-04-07 12:01:06,004] INFO - APPQVEGAZDMLRK-UHFFFAOYSA-N - Time taken: 4.401144981384277
[2024-04-07 12:01:06,108] INFO - FBNVFPGRCAQPCT-UHFFFAOYSA-N - Time taken: 0.006320953369140625
[2024-04-07 12:01:06,109] INFO - FBNVFPGRCAQPCT-UHFFFAOYSA-N - Starting work
[2024-04-07 12:01:06,271] INFO - MMFF Minisation was successful
[2024-04-07 12:01:06,280] INFO - MMFF minimisation: 2281.42 -> 811.80 kcal/mol w/ 1.301310325128202Å RMSD at max displacement=0.1 & constraint=5
[2024-04-07 12:01:06,367] WARNING - VDXZGYJNKRBGHE-UHFFFAOYSA-N - Folder /data/xchem-fragalysis/kfieseler/EV-A71-2A-syndirella-run/check_base_placements_april7/iris_placements/output/VDXZGYJNKRBGHE-UHFFFAOYSA-N exists.
[2024-04-07 12:01:06,402] INFO - VDXZGYJNKRBGHE-UHFFFAOYSA-N - Time taken: 2.9072203636169434
[2024-04-07 12:01:06,419] INFO - ZTDJEGPURPWKAK-UHFFFAOYSA-N - Time taken: 0.00468134880065918
[2024-04-07 12:01:06,420] INFO - ZTDJEGPURPWKAK-UHFFFAOYSA-N - Starting work
[2024-04-07 12:01:06,454] INFO - MMFF minimisation: 26530.33 -> 1663.76 kcal/mol w/ 3.9655332022717067Å RMSD at max displacement=0.1 & constraint=1
[2024-04-07 12:01:06,617] WARNING - JDJTZDXQRRYBMV-UHFFFAOYSA-N - Folder /data/xchem-fragalysis/kfieseler/EV-A71-2A-syndirella-run/check_base_placements_april7/iris_placements/output/JDJTZDXQRRYBMV-UHFFFAOYSA-N exists.
[2024-04-07 12:01:06,648] INFO - JDJTZDXQRRYBMV-UHFFFAOYSA-N - Time taken: 9.406736135482788
[2024-04-07 12:01:06,664] INFO - WBDILGJJGDRLFR-UHFFFAOYSA-N - Time taken: 0.003953456878662109
[2024-04-07 12:01:06,664] INFO - WBDILGJJGDRLFR-UHFFFAOYSA-N - Starting work
[2024-04-07 12:01:07,017] INFO - MMFF Minisation was successful
[2024-04-07 12:01:07,054] INFO - MMFF minimisation: 2163.75 -> 638.83 kcal/mol w/ 1.2800030938976636Å RMSD at max displacement=0.1 & constraint=5
[2024-04-07 12:01:07,208] WARNING - APPQVEGAZDMLRK-UHFFFAOYSA-N - Folder /data/xchem-fragalysis/kfieseler/EV-A71-2A-syndirella-run/check_base_placements_april7/iris_placements/output/APPQVEGAZDMLRK-UHFFFAOYSA-N exists.
[2024-04-07 12:01:07,231] INFO - APPQVEGAZDMLRK-UHFFFAOYSA-N - Time taken: 8.184374809265137
[2024-04-07 12:01:07,252] INFO - VPAXKPTVSGUXQZ-UHFFFAOYSA-N - Time taken: 0.004983663558959961
[2024-04-07 12:01:07,253] INFO - VPAXKPTVSGUXQZ-UHFFFAOYSA-N - Starting work
[2024-04-07 12:01:07,693] INFO - MMFF Minisation was successful
[2024-04-07 12:01:07,747] INFO - MMFF minimisation: 2243.41 -> 776.69 kcal/mol w/ 1.2428186946970594Å RMSD at max displacement=0.1 & constraint=5
[2024-04-07 12:01:07,891] WARNING - GVPFTUOBLWBNJI-UHFFFAOYSA-N - Folder /data/xchem-fragalysis/kfieseler/EV-A71-2A-syndirella-run/check_base_placements_april7/iris_placements/output/GVPFTUOBLWBNJI-UHFFFAOYSA-N exists.
[2024-04-07 12:01:07,914] INFO - GVPFTUOBLWBNJI-UHFFFAOYSA-N - Time taken: 4.266505718231201
[2024-04-07 12:01:07,932] INFO - USHDETYWPCTHEK-UHFFFAOYSA-N - Time taken: 0.0027887821197509766
[2024-04-07 12:01:07,932] INFO - USHDETYWPCTHEK-UHFFFAOYSA-N - Starting work
[2024-04-07 12:01:09,321] INFO - MMFF minimisation: 195234.14 -> 1303.36 kcal/mol w/ 3.2040838230119864Å RMSD at max displacement=0.1 & constraint=1
[2024-04-07 12:01:09,426] WARNING - STIQFIHEOJHUKS-UHFFFAOYSA-N - Folder /data/xchem-fragalysis/kfieseler/EV-A71-2A-syndirella-run/check_base_placements_april7/iris_placements/output/STIQFIHEOJHUKS-UHFFFAOYSA-N exists.
[2024-04-07 12:01:09,452] INFO - STIQFIHEOJHUKS-UHFFFAOYSA-N - Time taken: 21.342879056930542
[2024-04-07 12:01:09,473] INFO - ZTGLLUSSACMYNE-UHFFFAOYSA-N - Time taken: 0.005192279815673828
[2024-04-07 12:01:09,473] INFO - ZTGLLUSSACMYNE-UHFFFAOYSA-N - Starting work
[2024-04-07 12:01:09,533] INFO - MMFF Minisation was successful
[2024-04-07 12:01:09,553] INFO - MMFF minimisation: 2332.39 -> 878.01 kcal/mol w/ 1.3228590424654547Å RMSD at max displacement=0.1 & constraint=5
[2024-04-07 12:01:09,712] WARNING - GVPFTUOBLWBNJI-UHFFFAOYSA-N - Folder /data/xchem-fragalysis/kfieseler/EV-A71-2A-syndirella-run/check_base_placements_april7/iris_placements/output/GVPFTUOBLWBNJI-UHFFFAOYSA-N exists.
[2024-04-07 12:01:09,733] INFO - GVPFTUOBLWBNJI-UHFFFAOYSA-N - Time taken: 3.8195362091064453
[2024-04-07 12:01:09,749] INFO - IBAWXSDLDZZNGA-UHFFFAOYSA-N - Time taken: 0.00469970703125
[2024-04-07 12:01:09,749] INFO - IBAWXSDLDZZNGA-UHFFFAOYSA-N - Starting work
[2024-04-07 12:01:10,428] INFO - MMFF Minisation was successful
[2024-04-07 12:01:10,460] INFO - MMFF minimisation: 27968.46 -> 1198.98 kcal/mol w/ 1.8002907569527753Å RMSD at max displacement=0.1 & constraint=5
[2024-04-07 12:01:10,551] WARNING - ZTDJEGPURPWKAK-UHFFFAOYSA-N - Folder /data/xchem-fragalysis/kfieseler/EV-A71-2A-syndirella-run/check_base_placements_april7/iris_placements/output/ZTDJEGPURPWKAK-UHFFFAOYSA-N exists.
[2024-04-07 12:01:10,590] INFO - ZTDJEGPURPWKAK-UHFFFAOYSA-N - Time taken: 4.1754395961761475
[2024-04-07 12:01:10,607] INFO - VZBKQIINGNEDHL-UHFFFAOYSA-N - Time taken: 0.005327463150024414
[2024-04-07 12:01:10,607] INFO - VZBKQIINGNEDHL-UHFFFAOYSA-N - Starting work
[2024-04-07 12:01:10,888] INFO - MMFF Minisation was successful
[2024-04-07 12:01:10,908] INFO - MMFF minimisation: 209559.80 -> 542.42 kcal/mol w/ 2.148121632548445Å RMSD at max displacement=0.1 & constraint=5
[2024-04-07 12:01:10,941] INFO - MMFF Minisation was successful
[2024-04-07 12:01:10,950] INFO - MMFF minimisation: 2276.12 -> 758.89 kcal/mol w/ 1.2466536628213942Å RMSD at max displacement=0.1 & constraint=5
[2024-04-07 12:01:11,028] INFO - MMFF Minisation was successful
[2024-04-07 12:01:11,032] WARNING - VPAXKPTVSGUXQZ-UHFFFAOYSA-N - Folder /data/xchem-fragalysis/kfieseler/EV-A71-2A-syndirella-run/check_base_placements_april7/iris_placements/output/VPAXKPTVSGUXQZ-UHFFFAOYSA-N exists.
[2024-04-07 12:01:11,047] WARNING - FBNVFPGRCAQPCT-UHFFFAOYSA-N - Folder /data/xchem-fragalysis/kfieseler/EV-A71-2A-syndirella-run/check_base_placements_april7/iris_placements/output/FBNVFPGRCAQPCT-UHFFFAOYSA-N exists.
[2024-04-07 12:01:11,070] INFO - VPAXKPTVSGUXQZ-UHFFFAOYSA-N - Time taken: 3.8228228092193604
[2024-04-07 12:01:11,073] INFO - FBNVFPGRCAQPCT-UHFFFAOYSA-N - Time taken: 4.970950603485107
[2024-04-07 12:01:11,091] INFO - RPBOUEMJOBBIDR-UHFFFAOYSA-N - Time taken: 0.0034825801849365234
[2024-04-07 12:01:11,092] INFO - RPBOUEMJOBBIDR-UHFFFAOYSA-N - Starting work
[2024-04-07 12:01:11,095] INFO - HQEKNZNNUTZLAE-UHFFFAOYSA-N - Time taken: 0.0056841373443603516
[2024-04-07 12:01:11,096] INFO - HQEKNZNNUTZLAE-UHFFFAOYSA-N - Starting work
[2024-04-07 12:01:11,265] INFO - MMFF minimisation: 3975.98 -> 565.98 kcal/mol w/ 1.398007479671234Å RMSD at max displacement=0.1 & constraint=5
[2024-04-07 12:01:11,364] WARNING - WBDILGJJGDRLFR-UHFFFAOYSA-N - Folder /data/xchem-fragalysis/kfieseler/EV-A71-2A-syndirella-run/check_base_placements_april7/iris_placements/output/WBDILGJJGDRLFR-UHFFFAOYSA-N exists.
[2024-04-07 12:01:11,386] INFO - WBDILGJJGDRLFR-UHFFFAOYSA-N - Time taken: 4.726577997207642
[2024-04-07 12:01:11,475] INFO - HAAVJKZZGKEDPU-UHFFFAOYSA-N - Time taken: 0.0068514347076416016
[2024-04-07 12:01:11,475] INFO - HAAVJKZZGKEDPU-UHFFFAOYSA-N - Starting work
[2024-04-07 12:01:11,796] INFO - MMFF Minisation was successful
[2024-04-07 12:01:11,815] INFO - MMFF minimisation: 221675.10 -> 692.23 kcal/mol w/ 2.2381305602012085Å RMSD at max displacement=0.1 & constraint=5
[2024-04-07 12:01:11,961] WARNING - USHDETYWPCTHEK-UHFFFAOYSA-N - Folder /data/xchem-fragalysis/kfieseler/EV-A71-2A-syndirella-run/check_base_placements_april7/iris_placements/output/USHDETYWPCTHEK-UHFFFAOYSA-N exists.
[2024-04-07 12:01:11,987] INFO - USHDETYWPCTHEK-UHFFFAOYSA-N - Time taken: 4.057981014251709
[2024-04-07 12:01:12,009] INFO - DIOBJLAOFINKDH-UHFFFAOYSA-N - Time taken: 0.004945993423461914
[2024-04-07 12:01:12,010] INFO - DIOBJLAOFINKDH-UHFFFAOYSA-N - Starting work
[2024-04-07 12:01:12,125] ERROR - DIOBJLAOFINKDH-UHFFFAOYSA-N — DistanceError: A71EV2A-x0528_A_147_A71EV2A-x0501+A+152+1+A71EV2A-x0732_A_201_A71EV2A-x0501+A+152+1
[2024-04-07 12:01:12,126] INFO - DIOBJLAOFINKDH-UHFFFAOYSA-N - Time taken: 0.1211996078491211
[2024-04-07 12:01:12,141] INFO - AKSURHUAGQQWHX-UHFFFAOYSA-N - Time taken: 0.004529237747192383
[2024-04-07 12:01:12,141] INFO - AKSURHUAGQQWHX-UHFFFAOYSA-N - Starting work
[2024-04-07 12:01:12,225] INFO - MMFF Minisation was successful
[2024-04-07 12:01:13,485] INFO - MMFF Minisation was successful
[2024-04-07 12:01:13,493] INFO - MMFF minimisation: 4962.59 -> 568.49 kcal/mol w/ 1.6816399217379097Å RMSD at max displacement=0.1 & constraint=5
[2024-04-07 12:01:13,566] WARNING - IBAWXSDLDZZNGA-UHFFFAOYSA-N - Folder /data/xchem-fragalysis/kfieseler/EV-A71-2A-syndirella-run/check_base_placements_april7/iris_placements/output/IBAWXSDLDZZNGA-UHFFFAOYSA-N exists.
[2024-04-07 12:01:13,588] INFO - IBAWXSDLDZZNGA-UHFFFAOYSA-N - Time taken: 3.84407114982605
[2024-04-07 12:01:13,605] INFO - NRZOHTQVIPNMMH-UHFFFAOYSA-N - Time taken: 0.0047338008880615234
[2024-04-07 12:01:13,605] INFO - NRZOHTQVIPNMMH-UHFFFAOYSA-N - Starting work
[2024-04-07 12:01:13,941] INFO - MMFF Minisation was successful
[2024-04-07 12:01:13,950] INFO - MMFF minimisation: 14379.13 -> 705.09 kcal/mol w/ 1.5426379992278318Å RMSD at max displacement=0.1 & constraint=5
[2024-04-07 12:01:14,036] WARNING - VZBKQIINGNEDHL-UHFFFAOYSA-N - Folder /data/xchem-fragalysis/kfieseler/EV-A71-2A-syndirella-run/check_base_placements_april7/iris_placements/output/VZBKQIINGNEDHL-UHFFFAOYSA-N exists.
[2024-04-07 12:01:14,059] INFO - VZBKQIINGNEDHL-UHFFFAOYSA-N - Time taken: 3.457486629486084
[2024-04-07 12:01:14,070] INFO - JLIYQPMHTHRGDP-UHFFFAOYSA-N - Time taken: 0.003629446029663086
[2024-04-07 12:01:14,071] INFO - JLIYQPMHTHRGDP-UHFFFAOYSA-N - Starting work
[2024-04-07 12:01:14,085] INFO - MMFF Minisation was successful
[2024-04-07 12:01:14,131] INFO - MMFF minimisation: 2554.41 -> 651.09 kcal/mol w/ 1.105809236745036Å RMSD at max displacement=0.1 & constraint=5
[2024-04-07 12:01:14,258] WARNING - HQEKNZNNUTZLAE-UHFFFAOYSA-N - Folder /data/xchem-fragalysis/kfieseler/EV-A71-2A-syndirella-run/check_base_placements_april7/iris_placements/output/HQEKNZNNUTZLAE-UHFFFAOYSA-N exists.
[2024-04-07 12:01:14,286] INFO - HQEKNZNNUTZLAE-UHFFFAOYSA-N - Time taken: 3.1968064308166504
[2024-04-07 12:01:14,306] INFO - ULVMDPPZVMVKBL-UHFFFAOYSA-N - Time taken: 0.0050754547119140625
[2024-04-07 12:01:14,306] INFO - ULVMDPPZVMVKBL-UHFFFAOYSA-N - Starting work
[2024-04-07 12:01:14,358] INFO - MMFF Minisation was successful
[2024-04-07 12:01:14,368] INFO - MMFF minimisation: 13131.22 -> 635.31 kcal/mol w/ 1.392079307208703Å RMSD at max displacement=0.1 & constraint=5
[2024-04-07 12:01:14,378] INFO - MMFF Minisation was successful
[2024-04-07 12:01:14,398] INFO - MMFF minimisation: 5937.66 -> 591.11 kcal/mol w/ 1.192460684620335Å RMSD at max displacement=0.1 & constraint=1
[2024-04-07 12:01:14,443] WARNING - RPBOUEMJOBBIDR-UHFFFAOYSA-N - Folder /data/xchem-fragalysis/kfieseler/EV-A71-2A-syndirella-run/check_base_placements_april7/iris_placements/output/RPBOUEMJOBBIDR-UHFFFAOYSA-N exists.
[2024-04-07 12:01:14,467] INFO - RPBOUEMJOBBIDR-UHFFFAOYSA-N - Time taken: 3.3792788982391357
[2024-04-07 12:01:14,481] INFO - ABTCVWCGYSSOGV-UHFFFAOYSA-N - Time taken: 0.0029981136322021484
[2024-04-07 12:01:14,481] INFO - ABTCVWCGYSSOGV-UHFFFAOYSA-N - Starting work
[2024-04-07 12:01:14,526] WARNING - ZTGLLUSSACMYNE-UHFFFAOYSA-N - Folder /data/xchem-fragalysis/kfieseler/EV-A71-2A-syndirella-run/check_base_placements_april7/iris_placements/output/ZTGLLUSSACMYNE-UHFFFAOYSA-N exists.
[2024-04-07 12:01:14,556] INFO - ZTGLLUSSACMYNE-UHFFFAOYSA-N - Time taken: 5.087736129760742
[2024-04-07 12:01:14,576] INFO - PJFFRQDHURSHGM-UHFFFAOYSA-N - Time taken: 0.004445314407348633
[2024-04-07 12:01:14,576] INFO - PJFFRQDHURSHGM-UHFFFAOYSA-N - Starting work
[2024-04-07 12:01:16,611] INFO - MMFF Minisation was successful
[2024-04-07 12:01:16,620] INFO - MMFF minimisation: 7530.13 -> 681.63 kcal/mol w/ 1.2069671589659834Å RMSD at max displacement=0.1 & constraint=5
[2024-04-07 12:01:16,702] WARNING - JLIYQPMHTHRGDP-UHFFFAOYSA-N - Folder /data/xchem-fragalysis/kfieseler/EV-A71-2A-syndirella-run/check_base_placements_april7/iris_placements/output/JLIYQPMHTHRGDP-UHFFFAOYSA-N exists.
[2024-04-07 12:01:16,725] INFO - JLIYQPMHTHRGDP-UHFFFAOYSA-N - Time taken: 2.6577565670013428
[2024-04-07 12:01:16,741] INFO - VUFZUHMIPLXWGK-UHFFFAOYSA-N - Time taken: 0.0037496089935302734
[2024-04-07 12:01:16,742] INFO - VUFZUHMIPLXWGK-UHFFFAOYSA-N - Starting work
[2024-04-07 12:01:16,898] INFO - MMFF Minisation was successful
[2024-04-07 12:01:16,915] INFO - MMFF minimisation: 1973.52 -> 764.34 kcal/mol w/ 0.9391702827483073Å RMSD at max displacement=0.1 & constraint=5
[2024-04-07 12:01:16,999] WARNING - NRZOHTQVIPNMMH-UHFFFAOYSA-N - Folder /data/xchem-fragalysis/kfieseler/EV-A71-2A-syndirella-run/check_base_placements_april7/iris_placements/output/NRZOHTQVIPNMMH-UHFFFAOYSA-N exists.
[2024-04-07 12:01:17,032] INFO - NRZOHTQVIPNMMH-UHFFFAOYSA-N - Time taken: 3.4318981170654297
[2024-04-07 12:01:17,138] INFO - XJAJXIHQJRGKMJ-UHFFFAOYSA-N - Time taken: 0.008347749710083008
[2024-04-07 12:01:17,139] INFO - XJAJXIHQJRGKMJ-UHFFFAOYSA-N - Starting work
[2024-04-07 12:01:17,253] ERROR - XJAJXIHQJRGKMJ-UHFFFAOYSA-N — DistanceError: A71EV2A-x0528_A_147_A71EV2A-x0501+A+152+1+A71EV2A-x0732_A_201_A71EV2A-x0501+A+152+1
[2024-04-07 12:01:17,253] INFO - XJAJXIHQJRGKMJ-UHFFFAOYSA-N - Time taken: 0.12336349487304688
[2024-04-07 12:01:17,267] INFO - XYKYGBPLRZPZMB-UHFFFAOYSA-N - Time taken: 0.004160881042480469
[2024-04-07 12:01:17,267] INFO - XYKYGBPLRZPZMB-UHFFFAOYSA-N - Starting work
[2024-04-07 12:01:17,471] INFO - MMFF Minisation was successful
[2024-04-07 12:01:17,487] INFO - MMFF minimisation: 6721.34 -> 423.52 kcal/mol w/ 1.065115966294346Å RMSD at max displacement=0.1 & constraint=5
[2024-04-07 12:01:17,592] WARNING - ULVMDPPZVMVKBL-UHFFFAOYSA-N - Folder /data/xchem-fragalysis/kfieseler/EV-A71-2A-syndirella-run/check_base_placements_april7/iris_placements/output/ULVMDPPZVMVKBL-UHFFFAOYSA-N exists.
[2024-04-07 12:01:17,615] INFO - ULVMDPPZVMVKBL-UHFFFAOYSA-N - Time taken: 3.3142125606536865
[2024-04-07 12:01:17,635] INFO - FHQLHGVEQIMYTG-UHFFFAOYSA-N - Time taken: 0.0052509307861328125
[2024-04-07 12:01:17,635] INFO - FHQLHGVEQIMYTG-UHFFFAOYSA-N - Starting work
[2024-04-07 12:01:17,924] INFO - MMFF Minisation was successful
[2024-04-07 12:01:17,939] INFO - MMFF minimisation: 7197.72 -> 605.50 kcal/mol w/ 0.9898219862801934Å RMSD at max displacement=0.1 & constraint=5
[2024-04-07 12:01:18,016] INFO - MMFF Minisation was successful
[2024-04-07 12:01:18,035] WARNING - ABTCVWCGYSSOGV-UHFFFAOYSA-N - Folder /data/xchem-fragalysis/kfieseler/EV-A71-2A-syndirella-run/check_base_placements_april7/iris_placements/output/ABTCVWCGYSSOGV-UHFFFAOYSA-N exists.
[2024-04-07 12:01:18,042] INFO - MMFF Minisation was successful
[2024-04-07 12:01:18,051] INFO - MMFF minimisation: 4935.79 -> 682.93 kcal/mol w/ 0.9654974678683869Å RMSD at max displacement=0.1 & constraint=5
[2024-04-07 12:01:18,055] INFO - MMFF minimisation: 28681.40 -> 675.68 kcal/mol w/ 1.6203102961534677Å RMSD at max displacement=0.1 & constraint=5
[2024-04-07 12:01:18,064] INFO - ABTCVWCGYSSOGV-UHFFFAOYSA-N - Time taken: 3.5856125354766846
[2024-04-07 12:01:18,080] INFO - JHZMHCCPHXTVDH-UHFFFAOYSA-N - Time taken: 0.003980875015258789
[2024-04-07 12:01:18,081] INFO - JHZMHCCPHXTVDH-UHFFFAOYSA-N - Starting work
[2024-04-07 12:01:18,132] WARNING - PJFFRQDHURSHGM-UHFFFAOYSA-N - Folder /data/xchem-fragalysis/kfieseler/EV-A71-2A-syndirella-run/check_base_placements_april7/iris_placements/output/PJFFRQDHURSHGM-UHFFFAOYSA-N exists.
[2024-04-07 12:01:18,144] WARNING - HAAVJKZZGKEDPU-UHFFFAOYSA-N - Folder /data/xchem-fragalysis/kfieseler/EV-A71-2A-syndirella-run/check_base_placements_april7/iris_placements/output/HAAVJKZZGKEDPU-UHFFFAOYSA-N exists.
[2024-04-07 12:01:18,163] INFO - PJFFRQDHURSHGM-UHFFFAOYSA-N - Time taken: 3.592064142227173
[2024-04-07 12:01:18,167] INFO - HAAVJKZZGKEDPU-UHFFFAOYSA-N - Time taken: 6.699484586715698
[2024-04-07 12:01:18,186] INFO - DDPJHXIDNIDGBD-UHFFFAOYSA-N - Time taken: 0.0048749446868896484
[2024-04-07 12:01:18,186] WARNING - JHZMHCCPHXTVDH-UHFFFAOYSA-N - Folder /data/xchem-fragalysis/kfieseler/EV-A71-2A-syndirella-run/check_base_placements_april7/iris_placements/output/JHZMHCCPHXTVDH-UHFFFAOYSA-N exists.
[2024-04-07 12:01:18,186] INFO - JHZMHCCPHXTVDH-UHFFFAOYSA-N - Time taken: 0.002507448196411133
[2024-04-07 12:01:18,186] INFO - DDPJHXIDNIDGBD-UHFFFAOYSA-N - Starting work
[2024-04-07 12:01:18,186] INFO - JHZMHCCPHXTVDH-UHFFFAOYSA-N - Starting work
[2024-04-07 12:01:18,849] INFO - MMFF Minisation was successful
[2024-04-07 12:01:18,888] INFO - MMFF minimisation: 4443.44 -> 412.81 kcal/mol w/ 1.1337686056481588Å RMSD at max displacement=0.1 & constraint=5
[2024-04-07 12:01:19,014] WARNING - AKSURHUAGQQWHX-UHFFFAOYSA-N - Folder /data/xchem-fragalysis/kfieseler/EV-A71-2A-syndirella-run/check_base_placements_april7/iris_placements/output/AKSURHUAGQQWHX-UHFFFAOYSA-N exists.
[2024-04-07 12:01:19,037] INFO - AKSURHUAGQQWHX-UHFFFAOYSA-N - Time taken: 6.900786638259888
[2024-04-07 12:01:19,054] INFO - AVXQRKTXSXBNPP-UHFFFAOYSA-N - Time taken: 0.002974271774291992
[2024-04-07 12:01:19,054] INFO - AVXQRKTXSXBNPP-UHFFFAOYSA-N - Starting work
[2024-04-07 12:01:19,512] INFO - MMFF Minisation was successful
[2024-04-07 12:01:19,518] INFO - MMFF minimisation: 1200.38 -> 721.28 kcal/mol w/ 0.8267110519025433Å RMSD at max displacement=0.1 & constraint=5
[2024-04-07 12:01:19,564] WARNING - FHQLHGVEQIMYTG-UHFFFAOYSA-N - Folder /data/xchem-fragalysis/kfieseler/EV-A71-2A-syndirella-run/check_base_placements_april7/iris_placements/output/FHQLHGVEQIMYTG-UHFFFAOYSA-N exists.
[2024-04-07 12:01:19,595] INFO - FHQLHGVEQIMYTG-UHFFFAOYSA-N - Time taken: 1.9654510021209717
[2024-04-07 12:01:19,611] INFO - CDTYWNHOSQYEGO-UHFFFAOYSA-N - Time taken: 0.004261016845703125
[2024-04-07 12:01:19,612] INFO - CDTYWNHOSQYEGO-UHFFFAOYSA-N - Starting work
[2024-04-07 12:01:20,205] INFO - MMFF Minisation was successful
[2024-04-07 12:01:20,250] INFO - MMFF minimisation: 1959.68 -> 638.49 kcal/mol w/ 1.0520834411798803Å RMSD at max displacement=0.1 & constraint=5
[2024-04-07 12:01:20,357] WARNING - XYKYGBPLRZPZMB-UHFFFAOYSA-N - Folder /data/xchem-fragalysis/kfieseler/EV-A71-2A-syndirella-run/check_base_placements_april7/iris_placements/output/XYKYGBPLRZPZMB-UHFFFAOYSA-N exists.
[2024-04-07 12:01:20,382] INFO - XYKYGBPLRZPZMB-UHFFFAOYSA-N - Time taken: 3.11948823928833
[2024-04-07 12:01:20,399] WARNING - CDTYWNHOSQYEGO-UHFFFAOYSA-N - Folder /data/xchem-fragalysis/kfieseler/EV-A71-2A-syndirella-run/check_base_placements_april7/iris_placements/output/CDTYWNHOSQYEGO-UHFFFAOYSA-N exists.
[2024-04-07 12:01:20,399] INFO - CDTYWNHOSQYEGO-UHFFFAOYSA-N - Time taken: 0.001379251480102539
[2024-04-07 12:01:20,399] INFO - CDTYWNHOSQYEGO-UHFFFAOYSA-N - Starting work
[2024-04-07 12:01:20,456] INFO - MMFF Minisation was successful
[2024-04-07 12:01:20,499] INFO - MMFF minimisation: 2483.96 -> 565.69 kcal/mol w/ 1.0383296971817444Å RMSD at max displacement=0.1 & constraint=5
[2024-04-07 12:01:20,597] WARNING - VUFZUHMIPLXWGK-UHFFFAOYSA-N - Folder /data/xchem-fragalysis/kfieseler/EV-A71-2A-syndirella-run/check_base_placements_april7/iris_placements/output/VUFZUHMIPLXWGK-UHFFFAOYSA-N exists.
[2024-04-07 12:01:20,620] INFO - VUFZUHMIPLXWGK-UHFFFAOYSA-N - Time taken: 3.8825221061706543
[2024-04-07 12:01:20,634] INFO - BTQQVRBHNACNKU-UHFFFAOYSA-N - Time taken: 0.003642559051513672
[2024-04-07 12:01:20,634] INFO - BTQQVRBHNACNKU-UHFFFAOYSA-N - Starting work
[2024-04-07 12:01:20,892] INFO - MMFF Minisation was successful
[2024-04-07 12:01:20,907] INFO - MMFF minimisation: 1138.05 -> 547.87 kcal/mol w/ 0.8836760643022299Å RMSD at max displacement=0.1 & constraint=5
[2024-04-07 12:01:20,986] WARNING - AVXQRKTXSXBNPP-UHFFFAOYSA-N - Folder /data/xchem-fragalysis/kfieseler/EV-A71-2A-syndirella-run/check_base_placements_april7/iris_placements/output/AVXQRKTXSXBNPP-UHFFFAOYSA-N exists.
[2024-04-07 12:01:21,014] INFO - AVXQRKTXSXBNPP-UHFFFAOYSA-N - Time taken: 1.963042974472046
[2024-04-07 12:01:21,034] INFO - JSUPXYZROWADPA-UHFFFAOYSA-N - Time taken: 0.005216360092163086
[2024-04-07 12:01:21,034] INFO - JSUPXYZROWADPA-UHFFFAOYSA-N - Starting work
[2024-04-07 12:01:22,185] INFO - MMFF Minisation was successful
[2024-04-07 12:01:22,220] INFO - MMFF minimisation: 1875.11 -> 619.29 kcal/mol w/ 1.0228716901072727Å RMSD at max displacement=0.1 & constraint=5
[2024-04-07 12:01:22,323] WARNING - JHZMHCCPHXTVDH-UHFFFAOYSA-N - Folder /data/xchem-fragalysis/kfieseler/EV-A71-2A-syndirella-run/check_base_placements_april7/iris_placements/output/JHZMHCCPHXTVDH-UHFFFAOYSA-N exists.
[2024-04-07 12:01:22,356] INFO - JHZMHCCPHXTVDH-UHFFFAOYSA-N - Time taken: 4.172184944152832
[2024-04-07 12:01:22,380] INFO - MMFF Minisation was successful
[2024-04-07 12:01:22,380] INFO - YXOSKKANWJIJOY-UHFFFAOYSA-N - Time taken: 0.0031778812408447266
[2024-04-07 12:01:22,380] INFO - YXOSKKANWJIJOY-UHFFFAOYSA-N - Starting work
[2024-04-07 12:01:22,390] INFO - MMFF minimisation: 1033.76 -> 578.18 kcal/mol w/ 0.8131404163585164Å RMSD at max displacement=0.1 & constraint=5
[2024-04-07 12:01:22,458] WARNING - BTQQVRBHNACNKU-UHFFFAOYSA-N - Folder /data/xchem-fragalysis/kfieseler/EV-A71-2A-syndirella-run/check_base_placements_april7/iris_placements/output/BTQQVRBHNACNKU-UHFFFAOYSA-N exists.
[2024-04-07 12:01:22,487] INFO - BTQQVRBHNACNKU-UHFFFAOYSA-N - Time taken: 1.85691499710083
[2024-04-07 12:01:22,608] INFO - ZSOZJLJKIBSDKD-UHFFFAOYSA-N - Time taken: 0.007462024688720703
[2024-04-07 12:01:22,609] INFO - ZSOZJLJKIBSDKD-UHFFFAOYSA-N - Starting work
[2024-04-07 12:01:22,844] ERROR - ZSOZJLJKIBSDKD-UHFFFAOYSA-N — PoisonError: None has poison atoms [11, 17, 15, 10, 11, 12, 11]
[2024-04-07 12:01:22,845] INFO - ZSOZJLJKIBSDKD-UHFFFAOYSA-N - Time taken: 0.24408197402954102
[2024-04-07 12:01:22,860] INFO - KSFNSNPCFGKGTN-UHFFFAOYSA-N - Time taken: 0.00464177131652832
[2024-04-07 12:01:22,860] INFO - KSFNSNPCFGKGTN-UHFFFAOYSA-N - Starting work
[2024-04-07 12:01:23,023] ERROR - KSFNSNPCFGKGTN-UHFFFAOYSA-N — PoisonError: None has poison atoms [11, 17, 15, 10, 11, 12, 11]
[2024-04-07 12:01:23,023] INFO - KSFNSNPCFGKGTN-UHFFFAOYSA-N - Time taken: 0.16802072525024414
[2024-04-07 12:01:23,034] INFO - LXCOIZPPHPZJLW-UHFFFAOYSA-N - Time taken: 0.0054247379302978516
[2024-04-07 12:01:23,034] INFO - LXCOIZPPHPZJLW-UHFFFAOYSA-N - Starting work
[2024-04-07 12:01:23,399] INFO - MMFF Minisation was successful
[2024-04-07 12:01:23,439] INFO - MMFF minimisation: 1899.55 -> 577.74 kcal/mol w/ 1.2731607636768978Å RMSD at max displacement=0.1 & constraint=5
[2024-04-07 12:01:23,552] WARNING - JHZMHCCPHXTVDH-UHFFFAOYSA-N - Folder /data/xchem-fragalysis/kfieseler/EV-A71-2A-syndirella-run/check_base_placements_april7/iris_placements/output/JHZMHCCPHXTVDH-UHFFFAOYSA-N exists.
[2024-04-07 12:01:23,576] INFO - JHZMHCCPHXTVDH-UHFFFAOYSA-N - Time taken: 5.499429941177368
[2024-04-07 12:01:23,595] INFO - CUHAEOJAXNJLLL-UHFFFAOYSA-N - Time taken: 0.004144191741943359
[2024-04-07 12:01:23,595] INFO - CUHAEOJAXNJLLL-UHFFFAOYSA-N - Starting work
[2024-04-07 12:01:23,766] INFO - MMFF Minisation was successful
[2024-04-07 12:01:23,805] INFO - MMFF minimisation: 25432.20 -> 844.33 kcal/mol w/ 2.3166913529277386Å RMSD at max displacement=0.1 & constraint=5
[2024-04-07 12:01:23,876] WARNING - DDPJHXIDNIDGBD-UHFFFAOYSA-N - Folder /data/xchem-fragalysis/kfieseler/EV-A71-2A-syndirella-run/check_base_placements_april7/iris_placements/output/DDPJHXIDNIDGBD-UHFFFAOYSA-N exists.
[2024-04-07 12:01:23,897] INFO - DDPJHXIDNIDGBD-UHFFFAOYSA-N - Time taken: 5.71599817276001
[2024-04-07 12:01:23,913] WARNING - LXCOIZPPHPZJLW-UHFFFAOYSA-N - Folder /data/xchem-fragalysis/kfieseler/EV-A71-2A-syndirella-run/check_base_placements_april7/iris_placements/output/LXCOIZPPHPZJLW-UHFFFAOYSA-N exists.
[2024-04-07 12:01:23,913] INFO - LXCOIZPPHPZJLW-UHFFFAOYSA-N - Time taken: 0.0013887882232666016
[2024-04-07 12:01:23,913] INFO - LXCOIZPPHPZJLW-UHFFFAOYSA-N - Starting work
[2024-04-07 12:01:23,992] INFO - MMFF Minisation was successful
[2024-04-07 12:01:24,020] INFO - MMFF minimisation: 1797.21 -> 596.81 kcal/mol w/ 1.1788389052543218Å RMSD at max displacement=0.1 & constraint=5
[2024-04-07 12:01:24,102] WARNING - CDTYWNHOSQYEGO-UHFFFAOYSA-N - Folder /data/xchem-fragalysis/kfieseler/EV-A71-2A-syndirella-run/check_base_placements_april7/iris_placements/output/CDTYWNHOSQYEGO-UHFFFAOYSA-N exists.
[2024-04-07 12:01:24,137] INFO - CDTYWNHOSQYEGO-UHFFFAOYSA-N - Time taken: 3.739023208618164
[2024-04-07 12:01:24,157] INFO - LCSKLVVSOFHOOO-UHFFFAOYSA-N - Time taken: 0.0046727657318115234
[2024-04-07 12:01:24,157] INFO - LCSKLVVSOFHOOO-UHFFFAOYSA-N - Starting work
[2024-04-07 12:01:25,226] INFO - MMFF Minisation was successful
[2024-04-07 12:01:25,255] INFO - MMFF minimisation: 83955.24 -> 1209.70 kcal/mol w/ 2.0241017452390984Å RMSD at max displacement=0.1 & constraint=5
[2024-04-07 12:01:25,329] WARNING - JSUPXYZROWADPA-UHFFFAOYSA-N - Folder /data/xchem-fragalysis/kfieseler/EV-A71-2A-syndirella-run/check_base_placements_april7/iris_placements/output/JSUPXYZROWADPA-UHFFFAOYSA-N exists.
[2024-04-07 12:01:25,353] INFO - JSUPXYZROWADPA-UHFFFAOYSA-N - Time taken: 4.324894428253174
[2024-04-07 12:01:25,371] INFO - YMFXTZASBGMLKF-UHFFFAOYSA-N - Time taken: 0.0046160221099853516
[2024-04-07 12:01:25,371] INFO - YMFXTZASBGMLKF-UHFFFAOYSA-N - Starting work
[2024-04-07 12:01:25,494] INFO - MMFF Minisation was successful
[2024-04-07 12:01:26,431] INFO - MMFF minimisation: 63217.64 -> 703.60 kcal/mol w/ 1.587015786540842Å RMSD at max displacement=0.1 & constraint=5
[2024-04-07 12:01:26,523] WARNING - YXOSKKANWJIJOY-UHFFFAOYSA-N - Folder /data/xchem-fragalysis/kfieseler/EV-A71-2A-syndirella-run/check_base_placements_april7/iris_placements/output/YXOSKKANWJIJOY-UHFFFAOYSA-N exists.
[2024-04-07 12:01:26,550] INFO - YXOSKKANWJIJOY-UHFFFAOYSA-N - Time taken: 4.1732258796691895
[2024-04-07 12:01:26,658] WARNING - YMFXTZASBGMLKF-UHFFFAOYSA-N - Folder /data/xchem-fragalysis/kfieseler/EV-A71-2A-syndirella-run/check_base_placements_april7/iris_placements/output/YMFXTZASBGMLKF-UHFFFAOYSA-N exists.
[2024-04-07 12:01:26,659] INFO - YMFXTZASBGMLKF-UHFFFAOYSA-N - Time taken: 0.00413203239440918
[2024-04-07 12:01:26,659] INFO - YMFXTZASBGMLKF-UHFFFAOYSA-N - Starting work
[2024-04-07 12:01:26,762] INFO - MMFF Minisation was successful
[2024-04-07 12:01:26,797] INFO - MMFF minimisation: 1638.58 -> 644.16 kcal/mol w/ 1.411465348901157Å RMSD at max displacement=0.1 & constraint=5
[2024-04-07 12:01:26,909] WARNING - CDTYWNHOSQYEGO-UHFFFAOYSA-N - Folder /data/xchem-fragalysis/kfieseler/EV-A71-2A-syndirella-run/check_base_placements_april7/iris_placements/output/CDTYWNHOSQYEGO-UHFFFAOYSA-N exists.
[2024-04-07 12:01:26,940] INFO - CDTYWNHOSQYEGO-UHFFFAOYSA-N - Time taken: 7.332723379135132
[2024-04-07 12:01:26,961] INFO - BAOZEGOGVWZOIX-UHFFFAOYSA-N - Time taken: 0.005897998809814453
[2024-04-07 12:01:26,961] INFO - BAOZEGOGVWZOIX-UHFFFAOYSA-N - Starting work
[2024-04-07 12:01:27,220] INFO - MMFF Minisation was successful
[2024-04-07 12:01:27,268] INFO - MMFF minimisation: 1627.00 -> 557.24 kcal/mol w/ 1.1693187879878995Å RMSD at max displacement=0.1 & constraint=5
[2024-04-07 12:01:27,352] WARNING - LXCOIZPPHPZJLW-UHFFFAOYSA-N - Folder /data/xchem-fragalysis/kfieseler/EV-A71-2A-syndirella-run/check_base_placements_april7/iris_placements/output/LXCOIZPPHPZJLW-UHFFFAOYSA-N exists.
[2024-04-07 12:01:27,378] INFO - LXCOIZPPHPZJLW-UHFFFAOYSA-N - Time taken: 4.349320411682129
[2024-04-07 12:01:27,396] INFO - NXZSZVCYCCPQSP-UHFFFAOYSA-N - Time taken: 0.0037660598754882812
[2024-04-07 12:01:27,397] INFO - NXZSZVCYCCPQSP-UHFFFAOYSA-N - Starting work
[2024-04-07 12:01:27,515] INFO - MMFF Minisation was successful
[2024-04-07 12:01:27,524] INFO - MMFF minimisation: 1645.38 -> 617.39 kcal/mol w/ 1.2293916552653679Å RMSD at max displacement=0.1 & constraint=5
[2024-04-07 12:01:27,524] INFO - MMFF Minisation was successful
[2024-04-07 12:01:27,554] INFO - MMFF minimisation: 24709.46 -> 912.73 kcal/mol w/ 1.872008030017084Å RMSD at max displacement=0.1 & constraint=5
[2024-04-07 12:01:27,583] WARNING - LCSKLVVSOFHOOO-UHFFFAOYSA-N - Folder /data/xchem-fragalysis/kfieseler/EV-A71-2A-syndirella-run/check_base_placements_april7/iris_placements/output/LCSKLVVSOFHOOO-UHFFFAOYSA-N exists.
[2024-04-07 12:01:27,613] INFO - LCSKLVVSOFHOOO-UHFFFAOYSA-N - Time taken: 3.4609663486480713
[2024-04-07 12:01:27,637] INFO - RWYKVNCVGBRENI-UHFFFAOYSA-N - Time taken: 0.007086277008056641
[2024-04-07 12:01:27,638] INFO - RWYKVNCVGBRENI-UHFFFAOYSA-N - Starting work
[2024-04-07 12:01:27,644] WARNING - CUHAEOJAXNJLLL-UHFFFAOYSA-N - Folder /data/xchem-fragalysis/kfieseler/EV-A71-2A-syndirella-run/check_base_placements_april7/iris_placements/output/CUHAEOJAXNJLLL-UHFFFAOYSA-N exists.
[2024-04-07 12:01:27,677] INFO - CUHAEOJAXNJLLL-UHFFFAOYSA-N - Time taken: 4.086050033569336
[2024-04-07 12:01:27,682] INFO - MMFF Minisation was successful
[2024-04-07 12:01:27,714] INFO - MMFF minimisation: 1885.40 -> 598.19 kcal/mol w/ 1.192200012298985Å RMSD at max displacement=0.1 & constraint=5
[2024-04-07 12:01:27,785] WARNING - LXCOIZPPHPZJLW-UHFFFAOYSA-N - Folder /data/xchem-fragalysis/kfieseler/EV-A71-2A-syndirella-run/check_base_placements_april7/iris_placements/output/LXCOIZPPHPZJLW-UHFFFAOYSA-N exists.
[2024-04-07 12:01:27,795] INFO - ZFGIZJRJYCRRHS-UHFFFAOYSA-N - Time taken: 0.008239269256591797
[2024-04-07 12:01:27,796] INFO - ZFGIZJRJYCRRHS-UHFFFAOYSA-N - Starting work
[2024-04-07 12:01:27,809] INFO - LXCOIZPPHPZJLW-UHFFFAOYSA-N - Time taken: 3.897590160369873
[2024-04-07 12:01:27,827] INFO - BTUBGYUTZVMOQE-UHFFFAOYSA-N - Time taken: 0.004971027374267578
[2024-04-07 12:01:27,827] INFO - BTUBGYUTZVMOQE-UHFFFAOYSA-N - Starting work
[2024-04-07 12:01:28,535] INFO - MMFF Minisation was successful
[2024-04-07 12:01:28,564] INFO - MMFF minimisation: 1641.45 -> 618.19 kcal/mol w/ 1.0048752176893243Å RMSD at max displacement=0.1 & constraint=5
[2024-04-07 12:01:28,638] WARNING - YMFXTZASBGMLKF-UHFFFAOYSA-N - Folder /data/xchem-fragalysis/kfieseler/EV-A71-2A-syndirella-run/check_base_placements_april7/iris_placements/output/YMFXTZASBGMLKF-UHFFFAOYSA-N exists.
[2024-04-07 12:01:28,667] INFO - YMFXTZASBGMLKF-UHFFFAOYSA-N - Time taken: 3.3004157543182373
[2024-04-07 12:01:28,824] INFO - CYSUOTMKUDBMFZ-UHFFFAOYSA-N - Time taken: 0.007962942123413086
[2024-04-07 12:01:28,825] INFO - CYSUOTMKUDBMFZ-UHFFFAOYSA-N - Starting work
[2024-04-07 12:01:29,970] INFO - MMFF Minisation was successful
[2024-04-07 12:01:29,978] INFO - MMFF minimisation: 1817.73 -> 629.82 kcal/mol w/ 1.061026651447952Å RMSD at max displacement=0.1 & constraint=5
[2024-04-07 12:01:30,035] WARNING - BAOZEGOGVWZOIX-UHFFFAOYSA-N - Folder /data/xchem-fragalysis/kfieseler/EV-A71-2A-syndirella-run/check_base_placements_april7/iris_placements/output/BAOZEGOGVWZOIX-UHFFFAOYSA-N exists.
[2024-04-07 12:01:30,074] INFO - BAOZEGOGVWZOIX-UHFFFAOYSA-N - Time taken: 3.1188199520111084
[2024-04-07 12:01:30,091] INFO - LTURCBNOKGSFTI-UHFFFAOYSA-N - Time taken: 0.005070924758911133
[2024-04-07 12:01:30,092] INFO - LTURCBNOKGSFTI-UHFFFAOYSA-N - Starting work
[2024-04-07 12:01:30,279] INFO - MMFF Minisation was successful
[2024-04-07 12:01:30,330] INFO - MMFF minimisation: 1662.31 -> 595.42 kcal/mol w/ 0.987061862694512Å RMSD at max displacement=0.1 & constraint=5
[2024-04-07 12:01:30,404] WARNING - YMFXTZASBGMLKF-UHFFFAOYSA-N - Folder /data/xchem-fragalysis/kfieseler/EV-A71-2A-syndirella-run/check_base_placements_april7/iris_placements/output/YMFXTZASBGMLKF-UHFFFAOYSA-N exists.
[2024-04-07 12:01:30,439] INFO - YMFXTZASBGMLKF-UHFFFAOYSA-N - Time taken: 3.784585475921631
[2024-04-07 12:01:30,458] INFO - WFKUTQSRODQJFO-UHFFFAOYSA-N - Time taken: 0.004471302032470703
[2024-04-07 12:01:30,459] INFO - WFKUTQSRODQJFO-UHFFFAOYSA-N - Starting work
[2024-04-07 12:01:30,789] INFO - MMFF Minisation was successful
[2024-04-07 12:01:30,803] INFO - MMFF minimisation: 1782.03 -> 842.39 kcal/mol w/ 1.0926029513090354Å RMSD at max displacement=0.1 & constraint=5
[2024-04-07 12:01:30,868] WARNING - BTUBGYUTZVMOQE-UHFFFAOYSA-N - Folder /data/xchem-fragalysis/kfieseler/EV-A71-2A-syndirella-run/check_base_placements_april7/iris_placements/output/BTUBGYUTZVMOQE-UHFFFAOYSA-N exists.
[2024-04-07 12:01:30,895] INFO - BTUBGYUTZVMOQE-UHFFFAOYSA-N - Time taken: 3.0735461711883545
[2024-04-07 12:01:30,916] INFO - MFVVKWWGPFFRCH-UHFFFAOYSA-N - Time taken: 0.005744457244873047
[2024-04-07 12:01:30,916] INFO - MFVVKWWGPFFRCH-UHFFFAOYSA-N - Starting work
[2024-04-07 12:01:30,966] INFO - MMFF Minisation was successful
[2024-04-07 12:01:30,986] INFO - MMFF minimisation: 1715.61 -> 507.44 kcal/mol w/ 1.055050854444524Å RMSD at max displacement=0.1 & constraint=5
[2024-04-07 12:01:31,089] WARNING - ZFGIZJRJYCRRHS-UHFFFAOYSA-N - Folder /data/xchem-fragalysis/kfieseler/EV-A71-2A-syndirella-run/check_base_placements_april7/iris_placements/output/ZFGIZJRJYCRRHS-UHFFFAOYSA-N exists.
[2024-04-07 12:01:31,119] INFO - ZFGIZJRJYCRRHS-UHFFFAOYSA-N - Time taken: 3.3329505920410156
[2024-04-07 12:01:31,137] INFO - HWHRLRWYYRBVIM-UHFFFAOYSA-N - Time taken: 0.003130197525024414
[2024-04-07 12:01:31,137] INFO - HWHRLRWYYRBVIM-UHFFFAOYSA-N - Starting work
[2024-04-07 12:01:31,473] INFO - MMFF Minisation was successful
[2024-04-07 12:01:31,476] INFO - MMFF Minisation was successful
[2024-04-07 12:01:31,499] INFO - MMFF minimisation: 2814.25 -> 1772.15 kcal/mol w/ 1.032160516640598Å RMSD at max displacement=0.1 & constraint=5
[2024-04-07 12:01:31,559] WARNING - NXZSZVCYCCPQSP-UHFFFAOYSA-N - Folder /data/xchem-fragalysis/kfieseler/EV-A71-2A-syndirella-run/check_base_placements_april7/iris_placements/output/NXZSZVCYCCPQSP-UHFFFAOYSA-N exists.
[2024-04-07 12:01:31,585] INFO - NXZSZVCYCCPQSP-UHFFFAOYSA-N - Time taken: 4.192514896392822
[2024-04-07 12:01:31,605] INFO - ALCJNIPCFITZHL-UHFFFAOYSA-N - Time taken: 0.004476070404052734
[2024-04-07 12:01:31,605] INFO - ALCJNIPCFITZHL-UHFFFAOYSA-N - Starting work
[2024-04-07 12:01:31,829] INFO - MMFF minimisation: 1705.40 -> 524.87 kcal/mol w/ 1.0963620923320785Å RMSD at max displacement=0.1 & constraint=5
[2024-04-07 12:01:31,924] WARNING - RWYKVNCVGBRENI-UHFFFAOYSA-N - Folder /data/xchem-fragalysis/kfieseler/EV-A71-2A-syndirella-run/check_base_placements_april7/iris_placements/output/RWYKVNCVGBRENI-UHFFFAOYSA-N exists.
[2024-04-07 12:01:31,953] INFO - RWYKVNCVGBRENI-UHFFFAOYSA-N - Time taken: 4.322493553161621
[2024-04-07 12:01:31,969] INFO - VQRSSBXPBMCVSS-UHFFFAOYSA-N - Time taken: 0.004053354263305664
[2024-04-07 12:01:31,969] INFO - VQRSSBXPBMCVSS-UHFFFAOYSA-N - Starting work
[2024-04-07 12:01:33,945] INFO - MMFF Minisation was successful
[2024-04-07 12:01:34,373] INFO - MMFF minimisation: 1978.01 -> 804.02 kcal/mol w/ 1.3084015789192653Å RMSD at max displacement=0.1 & constraint=5
[2024-04-07 12:01:34,486] WARNING - CYSUOTMKUDBMFZ-UHFFFAOYSA-N - Folder /data/xchem-fragalysis/kfieseler/EV-A71-2A-syndirella-run/check_base_placements_april7/iris_placements/output/CYSUOTMKUDBMFZ-UHFFFAOYSA-N exists.
[2024-04-07 12:01:34,512] INFO - CYSUOTMKUDBMFZ-UHFFFAOYSA-N - Time taken: 5.695409297943115
[2024-04-07 12:01:34,534] INFO - PQHLNDLJASDWNV-UHFFFAOYSA-N - Time taken: 0.0058345794677734375
[2024-04-07 12:01:34,534] INFO - PQHLNDLJASDWNV-UHFFFAOYSA-N - Starting work
[2024-04-07 12:01:35,973] INFO - MMFF Minisation was successful
[2024-04-07 12:01:36,318] INFO - MMFF minimisation: 1932.22 -> 640.98 kcal/mol w/ 1.3192079540715407Å RMSD at max displacement=0.1 & constraint=5
[2024-04-07 12:01:36,429] WARNING - LTURCBNOKGSFTI-UHFFFAOYSA-N - Folder /data/xchem-fragalysis/kfieseler/EV-A71-2A-syndirella-run/check_base_placements_april7/iris_placements/output/LTURCBNOKGSFTI-UHFFFAOYSA-N exists.
[2024-04-07 12:01:36,465] INFO - LTURCBNOKGSFTI-UHFFFAOYSA-N - Time taken: 6.378190994262695
[2024-04-07 12:01:36,485] INFO - TUOVBPCFRQFYGO-UHFFFAOYSA-N - Time taken: 0.004338502883911133
[2024-04-07 12:01:36,485] INFO - TUOVBPCFRQFYGO-UHFFFAOYSA-N - Starting work
[2024-04-07 12:01:36,794] INFO - MMFF Minisation was successful
[2024-04-07 12:01:37,128] INFO - MMFF minimisation: 2203.91 -> 1042.05 kcal/mol w/ 1.323309745043976Å RMSD at max displacement=0.1 & constraint=5
[2024-04-07 12:01:37,247] WARNING - MFVVKWWGPFFRCH-UHFFFAOYSA-N - Folder /data/xchem-fragalysis/kfieseler/EV-A71-2A-syndirella-run/check_base_placements_april7/iris_placements/output/MFVVKWWGPFFRCH-UHFFFAOYSA-N exists.
[2024-04-07 12:01:37,270] INFO - MFVVKWWGPFFRCH-UHFFFAOYSA-N - Time taken: 6.360248565673828
[2024-04-07 12:01:37,284] WARNING - PQHLNDLJASDWNV-UHFFFAOYSA-N - Folder /data/xchem-fragalysis/kfieseler/EV-A71-2A-syndirella-run/check_base_placements_april7/iris_placements/output/PQHLNDLJASDWNV-UHFFFAOYSA-N exists.
[2024-04-07 12:01:37,284] INFO - PQHLNDLJASDWNV-UHFFFAOYSA-N - Time taken: 0.0010752677917480469
[2024-04-07 12:01:37,284] INFO - PQHLNDLJASDWNV-UHFFFAOYSA-N - Starting work
[2024-04-07 12:01:37,848] INFO - MMFF Minisation was successful
[2024-04-07 12:01:37,866] INFO - MMFF Minisation was successful
[2024-04-07 12:01:38,875] INFO - MMFF Minisation was successful
[2024-04-07 12:01:39,410] INFO - MMFF Minisation was successful
[2024-04-07 12:01:39,834] INFO - MMFF minimisation: 1748.70 -> 608.24 kcal/mol w/ 1.5409854773005125Å RMSD at max displacement=0.1 & constraint=5
[2024-04-07 12:01:39,930] WARNING - VQRSSBXPBMCVSS-UHFFFAOYSA-N - Folder /data/xchem-fragalysis/kfieseler/EV-A71-2A-syndirella-run/check_base_placements_april7/iris_placements/output/VQRSSBXPBMCVSS-UHFFFAOYSA-N exists.
[2024-04-07 12:01:39,957] INFO - VQRSSBXPBMCVSS-UHFFFAOYSA-N - Time taken: 7.992154359817505
[2024-04-07 12:01:39,979] INFO - LMYUQMVBTHTOSP-UHFFFAOYSA-N - Time taken: 0.005703449249267578
[2024-04-07 12:01:39,979] INFO - LMYUQMVBTHTOSP-UHFFFAOYSA-N - Starting work
[2024-04-07 12:01:40,054] INFO - MMFF Minisation was successful
[2024-04-07 12:01:40,285] INFO - MMFF minimisation: 12483.10 -> 613.91 kcal/mol w/ 1.8447285395261706Å RMSD at max displacement=0.1 & constraint=5
[2024-04-07 12:01:40,386] WARNING - PQHLNDLJASDWNV-UHFFFAOYSA-N - Folder /data/xchem-fragalysis/kfieseler/EV-A71-2A-syndirella-run/check_base_placements_april7/iris_placements/output/PQHLNDLJASDWNV-UHFFFAOYSA-N exists.
[2024-04-07 12:01:40,419] INFO - PQHLNDLJASDWNV-UHFFFAOYSA-N - Time taken: 5.890324115753174
[2024-04-07 12:01:40,438] INFO - PJIKIJXNWWFHAS-UHFFFAOYSA-N - Time taken: 0.0044689178466796875
[2024-04-07 12:01:40,438] INFO - PJIKIJXNWWFHAS-UHFFFAOYSA-N - Starting work
[2024-04-07 12:01:42,033] INFO - MMFF Minisation was successful
[2024-04-07 12:01:42,198] INFO - MMFF minimisation: 103256.86 -> 1082.65 kcal/mol w/ 1.7467544831907962Å RMSD at max displacement=0.1 & constraint=5
[2024-04-07 12:01:42,320] WARNING - TUOVBPCFRQFYGO-UHFFFAOYSA-N - Folder /data/xchem-fragalysis/kfieseler/EV-A71-2A-syndirella-run/check_base_placements_april7/iris_placements/output/TUOVBPCFRQFYGO-UHFFFAOYSA-N exists.
[2024-04-07 12:01:42,353] INFO - TUOVBPCFRQFYGO-UHFFFAOYSA-N - Time taken: 5.872389078140259
[2024-04-07 12:01:42,471] WARNING - PJIKIJXNWWFHAS-UHFFFAOYSA-N - Folder /data/xchem-fragalysis/kfieseler/EV-A71-2A-syndirella-run/check_base_placements_april7/iris_placements/output/PJIKIJXNWWFHAS-UHFFFAOYSA-N exists.
[2024-04-07 12:01:42,472] INFO - PJIKIJXNWWFHAS-UHFFFAOYSA-N - Time taken: 0.004052162170410156
[2024-04-07 12:01:42,472] INFO - PJIKIJXNWWFHAS-UHFFFAOYSA-N - Starting work
[2024-04-07 12:01:43,861] INFO - MMFF Minisation was successful
[2024-04-07 12:01:44,177] INFO - MMFF minimisation: 12516.03 -> 477.35 kcal/mol w/ 1.8656793785619603Å RMSD at max displacement=0.1 & constraint=5
[2024-04-07 12:01:44,303] WARNING - PQHLNDLJASDWNV-UHFFFAOYSA-N - Folder /data/xchem-fragalysis/kfieseler/EV-A71-2A-syndirella-run/check_base_placements_april7/iris_placements/output/PQHLNDLJASDWNV-UHFFFAOYSA-N exists.
[2024-04-07 12:01:44,330] INFO - PQHLNDLJASDWNV-UHFFFAOYSA-N - Time taken: 7.047150135040283
[2024-04-07 12:01:44,350] INFO - KTCXBEVEMLTTEF-UHFFFAOYSA-N - Time taken: 0.005904674530029297
[2024-04-07 12:01:44,351] INFO - KTCXBEVEMLTTEF-UHFFFAOYSA-N - Starting work
[2024-04-07 12:01:45,026] INFO - MMFF Minisation was successful
[2024-04-07 12:01:45,046] INFO - MMFF minimisation: 11831.42 -> 501.29 kcal/mol w/ 2.1321920971766684Å RMSD at max displacement=0.1 & constraint=5
[2024-04-07 12:01:45,076] INFO - MMFF Minisation was successful
[2024-04-07 12:01:45,125] WARNING - LMYUQMVBTHTOSP-UHFFFAOYSA-N - Folder /data/xchem-fragalysis/kfieseler/EV-A71-2A-syndirella-run/check_base_placements_april7/iris_placements/output/LMYUQMVBTHTOSP-UHFFFAOYSA-N exists.
[2024-04-07 12:01:45,151] INFO - LMYUQMVBTHTOSP-UHFFFAOYSA-N - Time taken: 5.1781933307647705
[2024-04-07 12:01:45,162] INFO - CGGHTLUHFDFCAS-UHFFFAOYSA-N - Time taken: 0.0032868385314941406
[2024-04-07 12:01:45,162] INFO - CGGHTLUHFDFCAS-UHFFFAOYSA-N - Starting work
[2024-04-07 12:01:45,379] INFO - MMFF minimisation: 13241.63 -> 891.61 kcal/mol w/ 2.483190084708893Å RMSD at max displacement=0.1 & constraint=5
[2024-04-07 12:01:45,513] WARNING - PJIKIJXNWWFHAS-UHFFFAOYSA-N - Folder /data/xchem-fragalysis/kfieseler/EV-A71-2A-syndirella-run/check_base_placements_april7/iris_placements/output/PJIKIJXNWWFHAS-UHFFFAOYSA-N exists.
[2024-04-07 12:01:45,537] INFO - PJIKIJXNWWFHAS-UHFFFAOYSA-N - Time taken: 5.104309320449829
[2024-04-07 12:01:45,559] INFO - SRDGULMUCFCNKM-UHFFFAOYSA-N - Time taken: 0.005340576171875
[2024-04-07 12:01:45,559] INFO - SRDGULMUCFCNKM-UHFFFAOYSA-N - Starting work
[2024-04-07 12:01:48,126] INFO - MMFF minimisation: 7546.85 -> 1857.97 kcal/mol w/ 1.4392269397429427Å RMSD at max displacement=0.1 & constraint=5
[2024-04-07 12:01:48,272] WARNING - WKZRUHMHRSTISJ-UHFFFAOYSA-N - Folder /data/xchem-fragalysis/kfieseler/EV-A71-2A-syndirella-run/check_base_placements_april7/iris_placements/output/WKZRUHMHRSTISJ-UHFFFAOYSA-N exists.
[2024-04-07 12:01:48,301] INFO - WKZRUHMHRSTISJ-UHFFFAOYSA-N - Time taken: 61.341641902923584
[2024-04-07 12:01:48,320] INFO - JOQRKFCIIQYZLX-UHFFFAOYSA-N - Time taken: 0.004903554916381836
[2024-04-07 12:01:48,321] INFO - JOQRKFCIIQYZLX-UHFFFAOYSA-N - Starting work
[2024-04-07 12:01:48,815] INFO - MMFF Minisation was successful
[2024-04-07 12:01:48,840] INFO - MMFF minimisation: 12163.83 -> 755.82 kcal/mol w/ 2.1762352827248534Å RMSD at max displacement=0.1 & constraint=5
[2024-04-07 12:01:48,934] WARNING - KTCXBEVEMLTTEF-UHFFFAOYSA-N - Folder /data/xchem-fragalysis/kfieseler/EV-A71-2A-syndirella-run/check_base_placements_april7/iris_placements/output/KTCXBEVEMLTTEF-UHFFFAOYSA-N exists.
[2024-04-07 12:01:48,958] INFO - KTCXBEVEMLTTEF-UHFFFAOYSA-N - Time taken: 4.613854885101318
[2024-04-07 12:01:48,975] INFO - PYNBBVRZWAORJG-UHFFFAOYSA-N - Time taken: 0.004757881164550781
[2024-04-07 12:01:48,975] INFO - PYNBBVRZWAORJG-UHFFFAOYSA-N - Starting work
[2024-04-07 12:01:49,575] ERROR - PYNBBVRZWAORJG-UHFFFAOYSA-N — PoisonError: None has poison atoms [9, 10, 9, 19, 9, 8, 9]
[2024-04-07 12:01:49,575] INFO - PYNBBVRZWAORJG-UHFFFAOYSA-N - Time taken: 0.6049544811248779
[2024-04-07 12:01:49,643] INFO - LISNPGIFHAQIEO-UHFFFAOYSA-N - Time taken: 0.005150794982910156
[2024-04-07 12:01:49,644] INFO - LISNPGIFHAQIEO-UHFFFAOYSA-N - Starting work
[2024-04-07 12:01:49,917] INFO - MMFF Minisation was successful
[2024-04-07 12:01:50,125] INFO - MMFF minimisation: 12651.65 -> 1422.14 kcal/mol w/ 2.436221712725991Å RMSD at max displacement=0.1 & constraint=5
[2024-04-07 12:01:50,244] INFO - MMFF Minisation was successful
[2024-04-07 12:01:50,255] WARNING - PJIKIJXNWWFHAS-UHFFFAOYSA-N - Folder /data/xchem-fragalysis/kfieseler/EV-A71-2A-syndirella-run/check_base_placements_april7/iris_placements/output/PJIKIJXNWWFHAS-UHFFFAOYSA-N exists.
[2024-04-07 12:01:50,284] INFO - PJIKIJXNWWFHAS-UHFFFAOYSA-N - Time taken: 7.815830707550049
[2024-04-07 12:01:50,306] INFO - HZNFTESFLXXWPL-UHFFFAOYSA-N - Time taken: 0.005244731903076172
[2024-04-07 12:01:50,306] INFO - HZNFTESFLXXWPL-UHFFFAOYSA-N - Starting work
[2024-04-07 12:01:51,122] INFO - MMFF Minisation was successful
[2024-04-07 12:01:51,129] INFO - MMFF minimisation: 114378.78 -> 750.86 kcal/mol w/ 1.1072344593661696Å RMSD at max displacement=0.1 & constraint=5
[2024-04-07 12:01:51,194] WARNING - LISNPGIFHAQIEO-UHFFFAOYSA-N - Folder /data/xchem-fragalysis/kfieseler/EV-A71-2A-syndirella-run/check_base_placements_april7/iris_placements/output/LISNPGIFHAQIEO-UHFFFAOYSA-N exists.
[2024-04-07 12:01:51,217] INFO - LISNPGIFHAQIEO-UHFFFAOYSA-N - Time taken: 1.5785126686096191
[2024-04-07 12:01:51,228] INFO - GCAQUNSOGCAEFO-UHFFFAOYSA-N - Time taken: 0.0037012100219726562
[2024-04-07 12:01:51,228] INFO - GCAQUNSOGCAEFO-UHFFFAOYSA-N - Starting work
[2024-04-07 12:01:51,272] INFO - MMFF Minisation was successful
[2024-04-07 12:01:51,298] INFO - MMFF minimisation: 3549.79 -> 801.96 kcal/mol w/ 0.8763793314178119Å RMSD at max displacement=0.1 & constraint=5
[2024-04-07 12:01:51,395] WARNING - JOQRKFCIIQYZLX-UHFFFAOYSA-N - Folder /data/xchem-fragalysis/kfieseler/EV-A71-2A-syndirella-run/check_base_placements_april7/iris_placements/output/JOQRKFCIIQYZLX-UHFFFAOYSA-N exists.
[2024-04-07 12:01:51,423] INFO - JOQRKFCIIQYZLX-UHFFFAOYSA-N - Time taken: 3.107334613800049
[2024-04-07 12:01:51,442] INFO - XBMUEFOOXYBEDQ-UHFFFAOYSA-N - Time taken: 0.005578756332397461
[2024-04-07 12:01:51,443] INFO - XBMUEFOOXYBEDQ-UHFFFAOYSA-N - Starting work
[2024-04-07 12:01:51,702] ERROR - XBMUEFOOXYBEDQ-UHFFFAOYSA-N — DistanceError: A71EV2A-x0310_A_147_A71EV2A-x0501+A+152+1+A71EV2A-x0732_A_201_A71EV2A-x0501+A+152+1
[2024-04-07 12:01:51,702] INFO - XBMUEFOOXYBEDQ-UHFFFAOYSA-N - Time taken: 0.2654390335083008
[2024-04-07 12:01:51,783] INFO - YREOFFMAGZFGRV-UHFFFAOYSA-N - Time taken: 0.005425691604614258
[2024-04-07 12:01:51,783] INFO - YREOFFMAGZFGRV-UHFFFAOYSA-N - Starting work
[2024-04-07 12:01:51,944] ERROR - YREOFFMAGZFGRV-UHFFFAOYSA-N — DistanceError: A71EV2A-x0310_A_147_A71EV2A-x0501+A+152+1+A71EV2A-x0732_A_201_A71EV2A-x0501+A+152+1
[2024-04-07 12:01:51,945] INFO - YREOFFMAGZFGRV-UHFFFAOYSA-N - Time taken: 0.1677994728088379
[2024-04-07 12:01:51,961] INFO - VXLLSVROUGTXAB-UHFFFAOYSA-N - Time taken: 0.0058901309967041016
[2024-04-07 12:01:51,961] INFO - VXLLSVROUGTXAB-UHFFFAOYSA-N - Starting work
[2024-04-07 12:01:52,304] INFO - MMFF Minisation was successful
[2024-04-07 12:01:52,311] INFO - MMFF minimisation: 114889.06 -> 1327.43 kcal/mol w/ 1.3406448058748335Å RMSD at max displacement=0.1 & constraint=5
[2024-04-07 12:01:52,383] WARNING - HZNFTESFLXXWPL-UHFFFAOYSA-N - Folder /data/xchem-fragalysis/kfieseler/EV-A71-2A-syndirella-run/check_base_placements_april7/iris_placements/output/HZNFTESFLXXWPL-UHFFFAOYSA-N exists.
[2024-04-07 12:01:52,410] INFO - HZNFTESFLXXWPL-UHFFFAOYSA-N - Time taken: 2.1088595390319824
[2024-04-07 12:01:52,421] WARNING - VXLLSVROUGTXAB-UHFFFAOYSA-N - Folder /data/xchem-fragalysis/kfieseler/EV-A71-2A-syndirella-run/check_base_placements_april7/iris_placements/output/VXLLSVROUGTXAB-UHFFFAOYSA-N exists.
[2024-04-07 12:01:52,421] INFO - VXLLSVROUGTXAB-UHFFFAOYSA-N - Time taken: 0.0011227130889892578
[2024-04-07 12:01:52,421] INFO - VXLLSVROUGTXAB-UHFFFAOYSA-N - Starting work
[2024-04-07 12:01:53,036] INFO - MMFF Minisation was successful
[2024-04-07 12:01:53,055] INFO - MMFF minimisation: 192811.50 -> 801.46 kcal/mol w/ 0.9595721135991498Å RMSD at max displacement=0.1 & constraint=5
[2024-04-07 12:01:53,153] WARNING - GCAQUNSOGCAEFO-UHFFFAOYSA-N - Folder /data/xchem-fragalysis/kfieseler/EV-A71-2A-syndirella-run/check_base_placements_april7/iris_placements/output/GCAQUNSOGCAEFO-UHFFFAOYSA-N exists.
[2024-04-07 12:01:53,178] INFO - GCAQUNSOGCAEFO-UHFFFAOYSA-N - Time taken: 1.9538147449493408
[2024-04-07 12:01:54,058] INFO - MMFF Minisation was successful
[2024-04-07 12:01:54,064] INFO - MMFF minimisation: 114118.30 -> 754.82 kcal/mol w/ 1.10837361249159Å RMSD at max displacement=0.1 & constraint=5
[2024-04-07 12:01:54,124] WARNING - VXLLSVROUGTXAB-UHFFFAOYSA-N - Folder /data/xchem-fragalysis/kfieseler/EV-A71-2A-syndirella-run/check_base_placements_april7/iris_placements/output/VXLLSVROUGTXAB-UHFFFAOYSA-N exists.
[2024-04-07 12:01:54,152] INFO - VXLLSVROUGTXAB-UHFFFAOYSA-N - Time taken: 1.73234224319458
[2024-04-07 12:01:54,523] INFO - MMFF Minisation was successful
[2024-04-07 12:01:54,524] INFO - MMFF Minisation was successful
[2024-04-07 12:01:54,534] INFO - MMFF minimisation: 113804.34 -> 754.84 kcal/mol w/ 1.1328290669356496Å RMSD at max displacement=0.1 & constraint=5
[2024-04-07 12:01:54,603] WARNING - VXLLSVROUGTXAB-UHFFFAOYSA-N - Folder /data/xchem-fragalysis/kfieseler/EV-A71-2A-syndirella-run/check_base_placements_april7/iris_placements/output/VXLLSVROUGTXAB-UHFFFAOYSA-N exists.
[2024-04-07 12:01:54,627] INFO - VXLLSVROUGTXAB-UHFFFAOYSA-N - Time taken: 2.672170639038086
[2024-04-07 12:01:55,218] INFO - MMFF Minisation was successful
[2024-04-07 12:01:55,383] INFO - MMFF minimisation: 10520.86 -> 538.91 kcal/mol w/ 1.9052613631153048Å RMSD at max displacement=0.1 & constraint=1
[2024-04-07 12:01:55,483] WARNING - CGGHTLUHFDFCAS-UHFFFAOYSA-N - Folder /data/xchem-fragalysis/kfieseler/EV-A71-2A-syndirella-run/check_base_placements_april7/iris_placements/output/CGGHTLUHFDFCAS-UHFFFAOYSA-N exists.
[2024-04-07 12:01:55,510] INFO - CGGHTLUHFDFCAS-UHFFFAOYSA-N - Time taken: 10.351675271987915
[2024-04-07 12:02:01,247] INFO - MMFF Minisation was successful
[2024-04-07 12:02:27,306] INFO - MMFF minimisation: 2742.57 -> 1513.77 kcal/mol w/ 1.2996792007028664Å RMSD at max displacement=0.1 & constraint=5
[2024-04-07 12:02:27,427] WARNING - ALCJNIPCFITZHL-UHFFFAOYSA-N - Folder /data/xchem-fragalysis/kfieseler/EV-A71-2A-syndirella-run/check_base_placements_april7/iris_placements/output/ALCJNIPCFITZHL-UHFFFAOYSA-N exists.
[2024-04-07 12:02:27,471] INFO - ALCJNIPCFITZHL-UHFFFAOYSA-N - Time taken: 55.8711621761322
[2024-04-07 12:02:28,349] INFO - MMFF minimisation: 2642.83 -> 1075.88 kcal/mol w/ 1.4829304273567963Å RMSD at max displacement=0.1 & constraint=5
[2024-04-07 12:02:28,454] WARNING - WFKUTQSRODQJFO-UHFFFAOYSA-N - Folder /data/xchem-fragalysis/kfieseler/EV-A71-2A-syndirella-run/check_base_placements_april7/iris_placements/output/WFKUTQSRODQJFO-UHFFFAOYSA-N exists.
[2024-04-07 12:02:28,481] INFO - WFKUTQSRODQJFO-UHFFFAOYSA-N - Time taken: 58.02724075317383
[2024-04-07 12:02:28,640] INFO - MMFF minimisation: 2116.79 -> 642.29 kcal/mol w/ 1.3743758901552445Å RMSD at max displacement=0.1 & constraint=5
[2024-04-07 12:02:28,749] WARNING - HWHRLRWYYRBVIM-UHFFFAOYSA-N - Folder /data/xchem-fragalysis/kfieseler/EV-A71-2A-syndirella-run/check_base_placements_april7/iris_placements/output/HWHRLRWYYRBVIM-UHFFFAOYSA-N exists.
[2024-04-07 12:02:28,773] INFO - HWHRLRWYYRBVIM-UHFFFAOYSA-N - Time taken: 57.63940072059631
[2024-04-07 12:02:29,309] INFO - MMFF minimisation: 13956.26 -> 425.67 kcal/mol w/ 2.69666951884948Å RMSD at max displacement=0.1 & constraint=1
[2024-04-07 12:02:29,438] WARNING - SRDGULMUCFCNKM-UHFFFAOYSA-N - Folder /data/xchem-fragalysis/kfieseler/EV-A71-2A-syndirella-run/check_base_placements_april7/iris_placements/output/SRDGULMUCFCNKM-UHFFFAOYSA-N exists.
[2024-04-07 12:02:29,472] INFO - SRDGULMUCFCNKM-UHFFFAOYSA-N - Time taken: 43.918949604034424
